[0.019s] Invoking command in '/home/alex/tritonai/software_intro_task/build/teleop_cpp': CMAKE_PREFIX_PATH=${CMAKE_PREFIX_PATH}:/home/alex/tritonai/software_intro_task/install/teleop_py:/opt/ros/galactic /usr/bin/cmake --build /home/alex/tritonai/software_intro_task/build/teleop_cpp -- -j8 -l8
[0.052s] [ 33%] Built target teleop_cpp
[0.056s] [ 66%] Built target teleop_cpp_node_exe
[0.069s] [100%] Built target teleop_cpp_node
[0.198s] Invoked command in '/home/alex/tritonai/software_intro_task/build/teleop_cpp' returned '0': CMAKE_PREFIX_PATH=${CMAKE_PREFIX_PATH}:/home/alex/tritonai/software_intro_task/install/teleop_py:/opt/ros/galactic /usr/bin/cmake --build /home/alex/tritonai/software_intro_task/build/teleop_cpp -- -j8 -l8
[0.219s] Invoking command in '/home/alex/tritonai/software_intro_task/build/teleop_cpp': CMAKE_PREFIX_PATH=${CMAKE_PREFIX_PATH}:/home/alex/tritonai/software_intro_task/install/teleop_py:/opt/ros/galactic /usr/bin/cmake --install /home/alex/tritonai/software_intro_task/build/teleop_cpp
[0.225s] -- Install configuration: ""
[0.225s] -- Up-to-date: /home/alex/tritonai/software_intro_task/install/teleop_cpp/lib/teleop_cpp/teleop_cpp_node_exe
[0.225s] -- Up-to-date: /home/alex/tritonai/software_intro_task/install/teleop_cpp/include
[0.225s] -- Up-to-date: /home/alex/tritonai/software_intro_task/install/teleop_cpp/include/teleop_cpp
[0.225s] -- Up-to-date: /home/alex/tritonai/software_intro_task/install/teleop_cpp/include/teleop_cpp/visibility_control.hpp
[0.226s] -- Up-to-date: /home/alex/tritonai/software_intro_task/install/teleop_cpp/include/teleop_cpp/teleop_cpp_node.hpp
[0.226s] -- Up-to-date: /home/alex/tritonai/software_intro_task/install/teleop_cpp/include/teleop_cpp/teleop_cpp.hpp
[0.226s] -- Up-to-date: /home/alex/tritonai/software_intro_task/install/teleop_cpp/share/teleop_cpp/environment/library_path.sh
[0.226s] -- Up-to-date: /home/alex/tritonai/software_intro_task/install/teleop_cpp/share/teleop_cpp/environment/library_path.dsv
[0.226s] -- Up-to-date: /home/alex/tritonai/software_intro_task/install/teleop_cpp/lib/libteleop_cpp.so
[0.227s] -- Up-to-date: /home/alex/tritonai/software_intro_task/install/teleop_cpp/lib/libteleop_cpp_node.so
[0.227s] -- Up-to-date: /home/alex/tritonai/software_intro_task/install/teleop_cpp/share/teleop_cpp/param
[0.227s] -- Up-to-date: /home/alex/tritonai/software_intro_task/install/teleop_cpp/share/teleop_cpp/param/teleop_cpp.yaml
[0.227s] -- Up-to-date: /home/alex/tritonai/software_intro_task/install/teleop_cpp/share/teleop_cpp/launch
[0.227s] -- Up-to-date: /home/alex/tritonai/software_intro_task/install/teleop_cpp/share/teleop_cpp/launch/teleop_cpp.launch.py
[0.227s] -- Up-to-date: /home/alex/tritonai/software_intro_task/install/teleop_cpp/share/ament_index/resource_index/package_run_dependencies/teleop_cpp
[0.228s] -- Up-to-date: /home/alex/tritonai/software_intro_task/install/teleop_cpp/share/ament_index/resource_index/parent_prefix_path/teleop_cpp
[0.228s] -- Up-to-date: /home/alex/tritonai/software_intro_task/install/teleop_cpp/share/teleop_cpp/environment/ament_prefix_path.sh
[0.228s] -- Up-to-date: /home/alex/tritonai/software_intro_task/install/teleop_cpp/share/teleop_cpp/environment/ament_prefix_path.dsv
[0.229s] -- Up-to-date: /home/alex/tritonai/software_intro_task/install/teleop_cpp/share/teleop_cpp/environment/path.sh
[0.229s] -- Up-to-date: /home/alex/tritonai/software_intro_task/install/teleop_cpp/share/teleop_cpp/environment/path.dsv
[0.229s] -- Up-to-date: /home/alex/tritonai/software_intro_task/install/teleop_cpp/share/teleop_cpp/local_setup.bash
[0.229s] -- Up-to-date: /home/alex/tritonai/software_intro_task/install/teleop_cpp/share/teleop_cpp/local_setup.sh
[0.229s] -- Up-to-date: /home/alex/tritonai/software_intro_task/install/teleop_cpp/share/teleop_cpp/local_setup.zsh
[0.229s] -- Up-to-date: /home/alex/tritonai/software_intro_task/install/teleop_cpp/share/teleop_cpp/local_setup.dsv
[0.229s] -- Installing: /home/alex/tritonai/software_intro_task/install/teleop_cpp/share/teleop_cpp/package.dsv
[0.229s] -- Up-to-date: /home/alex/tritonai/software_intro_task/install/teleop_cpp/share/ament_index/resource_index/packages/teleop_cpp
[0.229s] -- Up-to-date: /home/alex/tritonai/software_intro_task/install/teleop_cpp/share/ament_index/resource_index/rclcpp_components/teleop_cpp
[0.229s] -- Up-to-date: /home/alex/tritonai/software_intro_task/install/teleop_cpp/share/teleop_cpp/cmake/ament_cmake_export_dependencies-extras.cmake
[0.229s] -- Up-to-date: /home/alex/tritonai/software_intro_task/install/teleop_cpp/share/teleop_cpp/cmake/ament_cmake_export_include_directories-extras.cmake
[0.229s] -- Up-to-date: /home/alex/tritonai/software_intro_task/install/teleop_cpp/share/teleop_cpp/cmake/ament_cmake_export_libraries-extras.cmake
[0.230s] -- Up-to-date: /home/alex/tritonai/software_intro_task/install/teleop_cpp/share/teleop_cpp/cmake/teleop_cppConfig.cmake
[0.230s] -- Up-to-date: /home/alex/tritonai/software_intro_task/install/teleop_cpp/share/teleop_cpp/cmake/teleop_cppConfig-version.cmake
[0.230s] -- Up-to-date: /home/alex/tritonai/software_intro_task/install/teleop_cpp/share/teleop_cpp/package.xml
[0.237s] Invoked command in '/home/alex/tritonai/software_intro_task/build/teleop_cpp' returned '0': CMAKE_PREFIX_PATH=${CMAKE_PREFIX_PATH}:/home/alex/tritonai/software_intro_task/install/teleop_py:/opt/ros/galactic /usr/bin/cmake --install /home/alex/tritonai/software_intro_task/build/teleop_cpp
