[0.102s] DEBUG:colcon:Command line arguments: ['/usr/bin/colcon', 'build']
[0.102s] DEBUG:colcon:Parsed command line arguments: Namespace(allow_overriding=[], ament_cmake_args=None, base_paths=['.'], build_base='build', catkin_cmake_args=None, catkin_skip_building_tests=False, cmake_args=None, cmake_clean_cache=False, cmake_clean_first=False, cmake_force_configure=False, cmake_target=None, cmake_target_skip_unavailable=False, continue_on_error=False, event_handlers=None, executor='parallel', ignore_user_meta=False, install_base='install', log_base=None, log_level=None, main=<bound method BuildVerb.main of <colcon_core.verb.build.BuildVerb object at 0x7f4169b0a130>>, merge_install=False, metas=['./colcon.meta'], packages_above=None, packages_above_and_dependencies=None, packages_above_depth=None, packages_end=None, packages_ignore=None, packages_ignore_regex=None, packages_select=None, packages_select_build_failed=False, packages_select_by_dep=None, packages_select_regex=None, packages_select_test_failures=False, packages_skip=None, packages_skip_build_finished=False, packages_skip_by_dep=None, packages_skip_regex=None, packages_skip_test_passed=False, packages_skip_up_to=None, packages_start=None, packages_up_to=None, packages_up_to_regex=None, parallel_workers=8, paths=None, symlink_install=False, test_result_base=None, verb_extension=<colcon_core.verb.build.BuildVerb object at 0x7f4169b0a130>, verb_name='build', verb_parser=<colcon_defaults.argument_parser.defaults.DefaultArgumentsDecorator object at 0x7f4169b0a670>)
[0.119s] Level 1:colcon.colcon_core.package_discovery:discover_packages(colcon_meta) check parameters
[0.119s] Level 1:colcon.colcon_core.package_discovery:discover_packages(recursive) check parameters
[0.119s] Level 1:colcon.colcon_core.package_discovery:discover_packages(ignore) check parameters
[0.119s] Level 1:colcon.colcon_core.package_discovery:discover_packages(path) check parameters
[0.119s] Level 1:colcon.colcon_core.package_discovery:discover_packages(colcon_meta) discover
[0.119s] Level 1:colcon.colcon_core.package_discovery:discover_packages(recursive) discover
[0.120s] INFO:colcon.colcon_core.package_discovery:Crawling recursively for packages in '/home/alex/tritonai/software_intro_task'
[0.120s] Level 1:colcon.colcon_core.package_identification:_identify(.) by extensions ['ignore', 'ignore_ament_install']
[0.120s] Level 1:colcon.colcon_core.package_identification:_identify(.) by extension 'ignore'
[0.120s] Level 1:colcon.colcon_core.package_identification:_identify(.) by extension 'ignore_ament_install'
[0.120s] Level 1:colcon.colcon_core.package_identification:_identify(.) by extensions ['colcon_pkg']
[0.120s] Level 1:colcon.colcon_core.package_identification:_identify(.) by extension 'colcon_pkg'
[0.120s] Level 1:colcon.colcon_core.package_identification:_identify(.) by extensions ['colcon_meta']
[0.120s] Level 1:colcon.colcon_core.package_identification:_identify(.) by extension 'colcon_meta'
[0.120s] Level 1:colcon.colcon_core.package_identification:_identify(.) by extensions ['ros']
[0.120s] Level 1:colcon.colcon_core.package_identification:_identify(.) by extension 'ros'
[0.138s] Level 1:colcon.colcon_core.package_identification:_identify(.) by extensions ['cmake', 'python']
[0.138s] Level 1:colcon.colcon_core.package_identification:_identify(.) by extension 'cmake'
[0.139s] Level 1:colcon.colcon_core.package_identification:_identify(.) by extension 'python'
[0.139s] Level 1:colcon.colcon_core.package_identification:_identify(.) by extensions ['python_setup_py']
[0.139s] Level 1:colcon.colcon_core.package_identification:_identify(.) by extension 'python_setup_py'
[0.139s] Level 1:colcon.colcon_core.package_identification:_identify(build) by extensions ['ignore', 'ignore_ament_install']
[0.139s] Level 1:colcon.colcon_core.package_identification:_identify(build) by extension 'ignore'
[0.139s] Level 1:colcon.colcon_core.package_identification:_identify(build) ignored
[0.139s] Level 1:colcon.colcon_core.package_identification:_identify(install) by extensions ['ignore', 'ignore_ament_install']
[0.139s] Level 1:colcon.colcon_core.package_identification:_identify(install) by extension 'ignore'
[0.139s] Level 1:colcon.colcon_core.package_identification:_identify(install) ignored
[0.139s] Level 1:colcon.colcon_core.package_identification:_identify(log) by extensions ['ignore', 'ignore_ament_install']
[0.139s] Level 1:colcon.colcon_core.package_identification:_identify(log) by extension 'ignore'
[0.139s] Level 1:colcon.colcon_core.package_identification:_identify(log) ignored
[0.139s] Level 1:colcon.colcon_core.package_identification:_identify(teleop_cpp) by extensions ['ignore', 'ignore_ament_install']
[0.139s] Level 1:colcon.colcon_core.package_identification:_identify(teleop_cpp) by extension 'ignore'
[0.139s] Level 1:colcon.colcon_core.package_identification:_identify(teleop_cpp) by extension 'ignore_ament_install'
[0.139s] Level 1:colcon.colcon_core.package_identification:_identify(teleop_cpp) by extensions ['colcon_pkg']
[0.139s] Level 1:colcon.colcon_core.package_identification:_identify(teleop_cpp) by extension 'colcon_pkg'
[0.139s] Level 1:colcon.colcon_core.package_identification:_identify(teleop_cpp) by extensions ['colcon_meta']
[0.140s] Level 1:colcon.colcon_core.package_identification:_identify(teleop_cpp) by extension 'colcon_meta'
[0.140s] Level 1:colcon.colcon_core.package_identification:_identify(teleop_cpp) by extensions ['ros']
[0.140s] Level 1:colcon.colcon_core.package_identification:_identify(teleop_cpp) by extension 'ros'
[0.141s] DEBUG:colcon.colcon_core.package_identification:Package 'teleop_cpp' with type 'ros.ament_cmake' and name 'teleop_cpp'
[0.141s] Level 1:colcon.colcon_core.package_identification:_identify(teleop_msgs) by extensions ['ignore', 'ignore_ament_install']
[0.141s] Level 1:colcon.colcon_core.package_identification:_identify(teleop_msgs) by extension 'ignore'
[0.141s] Level 1:colcon.colcon_core.package_identification:_identify(teleop_msgs) by extension 'ignore_ament_install'
[0.142s] Level 1:colcon.colcon_core.package_identification:_identify(teleop_msgs) by extensions ['colcon_pkg']
[0.142s] Level 1:colcon.colcon_core.package_identification:_identify(teleop_msgs) by extension 'colcon_pkg'
[0.142s] Level 1:colcon.colcon_core.package_identification:_identify(teleop_msgs) by extensions ['colcon_meta']
[0.142s] Level 1:colcon.colcon_core.package_identification:_identify(teleop_msgs) by extension 'colcon_meta'
[0.142s] Level 1:colcon.colcon_core.package_identification:_identify(teleop_msgs) by extensions ['ros']
[0.142s] Level 1:colcon.colcon_core.package_identification:_identify(teleop_msgs) by extension 'ros'
[0.142s] DEBUG:colcon.colcon_core.package_identification:Package 'teleop_msgs' with type 'ros.ament_cmake' and name 'teleop_msgs'
[0.142s] Level 1:colcon.colcon_core.package_identification:_identify(teleop_py) by extensions ['ignore', 'ignore_ament_install']
[0.142s] Level 1:colcon.colcon_core.package_identification:_identify(teleop_py) by extension 'ignore'
[0.142s] Level 1:colcon.colcon_core.package_identification:_identify(teleop_py) by extension 'ignore_ament_install'
[0.142s] Level 1:colcon.colcon_core.package_identification:_identify(teleop_py) by extensions ['colcon_pkg']
[0.142s] Level 1:colcon.colcon_core.package_identification:_identify(teleop_py) by extension 'colcon_pkg'
[0.142s] Level 1:colcon.colcon_core.package_identification:_identify(teleop_py) by extensions ['colcon_meta']
[0.142s] Level 1:colcon.colcon_core.package_identification:_identify(teleop_py) by extension 'colcon_meta'
[0.142s] Level 1:colcon.colcon_core.package_identification:_identify(teleop_py) by extensions ['ros']
[0.143s] Level 1:colcon.colcon_core.package_identification:_identify(teleop_py) by extension 'ros'
[0.143s] DEBUG:colcon.colcon_core.package_identification:Package 'teleop_py' with type 'ros.ament_python' and name 'teleop_py'
[0.143s] Level 1:colcon.colcon_core.package_discovery:discover_packages(recursive) using defaults
[0.143s] Level 1:colcon.colcon_core.package_discovery:discover_packages(ignore) discover
[0.143s] Level 1:colcon.colcon_core.package_discovery:discover_packages(ignore) using defaults
[0.143s] Level 1:colcon.colcon_core.package_discovery:discover_packages(path) discover
[0.143s] Level 1:colcon.colcon_core.package_discovery:discover_packages(path) using defaults
[0.157s] Level 1:colcon.colcon_core.package_discovery:discover_packages(prefix_path) check parameters
[0.157s] Level 1:colcon.colcon_core.package_discovery:discover_packages(prefix_path) discover
[0.159s] DEBUG:colcon.colcon_installed_package_information.package_discovery:Found 270 installed packages in /opt/ros/galactic
[0.160s] Level 1:colcon.colcon_core.package_discovery:discover_packages(prefix_path) using defaults
[0.214s] Level 5:colcon.colcon_core.verb:set package 'teleop_cpp' build argument 'cmake_args' from command line to 'None'
[0.214s] Level 5:colcon.colcon_core.verb:set package 'teleop_cpp' build argument 'cmake_target' from command line to 'None'
[0.214s] Level 5:colcon.colcon_core.verb:set package 'teleop_cpp' build argument 'cmake_target_skip_unavailable' from command line to 'False'
[0.215s] Level 5:colcon.colcon_core.verb:set package 'teleop_cpp' build argument 'cmake_clean_cache' from command line to 'False'
[0.215s] Level 5:colcon.colcon_core.verb:set package 'teleop_cpp' build argument 'cmake_clean_first' from command line to 'False'
[0.215s] Level 5:colcon.colcon_core.verb:set package 'teleop_cpp' build argument 'cmake_force_configure' from command line to 'False'
[0.215s] Level 5:colcon.colcon_core.verb:set package 'teleop_cpp' build argument 'ament_cmake_args' from command line to 'None'
[0.215s] Level 5:colcon.colcon_core.verb:set package 'teleop_cpp' build argument 'catkin_cmake_args' from command line to 'None'
[0.215s] Level 5:colcon.colcon_core.verb:set package 'teleop_cpp' build argument 'catkin_skip_building_tests' from command line to 'False'
[0.215s] DEBUG:colcon.colcon_core.verb:Building package 'teleop_cpp' with the following arguments: {'ament_cmake_args': None, 'build_base': '/home/alex/tritonai/software_intro_task/build/teleop_cpp', 'catkin_cmake_args': None, 'catkin_skip_building_tests': False, 'cmake_args': None, 'cmake_clean_cache': False, 'cmake_clean_first': False, 'cmake_force_configure': False, 'cmake_target': None, 'cmake_target_skip_unavailable': False, 'install_base': '/home/alex/tritonai/software_intro_task/install/teleop_cpp', 'merge_install': False, 'path': '/home/alex/tritonai/software_intro_task/teleop_cpp', 'symlink_install': False, 'test_result_base': None}
[0.216s] Level 5:colcon.colcon_core.verb:set package 'teleop_msgs' build argument 'cmake_args' from command line to 'None'
[0.216s] Level 5:colcon.colcon_core.verb:set package 'teleop_msgs' build argument 'cmake_target' from command line to 'None'
[0.216s] Level 5:colcon.colcon_core.verb:set package 'teleop_msgs' build argument 'cmake_target_skip_unavailable' from command line to 'False'
[0.216s] Level 5:colcon.colcon_core.verb:set package 'teleop_msgs' build argument 'cmake_clean_cache' from command line to 'False'
[0.216s] Level 5:colcon.colcon_core.verb:set package 'teleop_msgs' build argument 'cmake_clean_first' from command line to 'False'
[0.216s] Level 5:colcon.colcon_core.verb:set package 'teleop_msgs' build argument 'cmake_force_configure' from command line to 'False'
[0.216s] Level 5:colcon.colcon_core.verb:set package 'teleop_msgs' build argument 'ament_cmake_args' from command line to 'None'
[0.216s] Level 5:colcon.colcon_core.verb:set package 'teleop_msgs' build argument 'catkin_cmake_args' from command line to 'None'
[0.216s] Level 5:colcon.colcon_core.verb:set package 'teleop_msgs' build argument 'catkin_skip_building_tests' from command line to 'False'
[0.216s] DEBUG:colcon.colcon_core.verb:Building package 'teleop_msgs' with the following arguments: {'ament_cmake_args': None, 'build_base': '/home/alex/tritonai/software_intro_task/build/teleop_msgs', 'catkin_cmake_args': None, 'catkin_skip_building_tests': False, 'cmake_args': None, 'cmake_clean_cache': False, 'cmake_clean_first': False, 'cmake_force_configure': False, 'cmake_target': None, 'cmake_target_skip_unavailable': False, 'install_base': '/home/alex/tritonai/software_intro_task/install/teleop_msgs', 'merge_install': False, 'path': '/home/alex/tritonai/software_intro_task/teleop_msgs', 'symlink_install': False, 'test_result_base': None}
[0.217s] Level 5:colcon.colcon_core.verb:set package 'teleop_py' build argument 'cmake_args' from command line to 'None'
[0.217s] Level 5:colcon.colcon_core.verb:set package 'teleop_py' build argument 'cmake_target' from command line to 'None'
[0.217s] Level 5:colcon.colcon_core.verb:set package 'teleop_py' build argument 'cmake_target_skip_unavailable' from command line to 'False'
[0.217s] Level 5:colcon.colcon_core.verb:set package 'teleop_py' build argument 'cmake_clean_cache' from command line to 'False'
[0.217s] Level 5:colcon.colcon_core.verb:set package 'teleop_py' build argument 'cmake_clean_first' from command line to 'False'
[0.217s] Level 5:colcon.colcon_core.verb:set package 'teleop_py' build argument 'cmake_force_configure' from command line to 'False'
[0.217s] Level 5:colcon.colcon_core.verb:set package 'teleop_py' build argument 'ament_cmake_args' from command line to 'None'
[0.217s] Level 5:colcon.colcon_core.verb:set package 'teleop_py' build argument 'catkin_cmake_args' from command line to 'None'
[0.217s] Level 5:colcon.colcon_core.verb:set package 'teleop_py' build argument 'catkin_skip_building_tests' from command line to 'False'
[0.217s] DEBUG:colcon.colcon_core.verb:Building package 'teleop_py' with the following arguments: {'ament_cmake_args': None, 'build_base': '/home/alex/tritonai/software_intro_task/build/teleop_py', 'catkin_cmake_args': None, 'catkin_skip_building_tests': False, 'cmake_args': None, 'cmake_clean_cache': False, 'cmake_clean_first': False, 'cmake_force_configure': False, 'cmake_target': None, 'cmake_target_skip_unavailable': False, 'install_base': '/home/alex/tritonai/software_intro_task/install/teleop_py', 'merge_install': False, 'path': '/home/alex/tritonai/software_intro_task/teleop_py', 'symlink_install': False, 'test_result_base': None}
[0.217s] INFO:colcon.colcon_core.executor:Executing jobs using 'parallel' executor
[0.220s] DEBUG:colcon.colcon_parallel_executor.executor.parallel:run_until_complete
[0.220s] INFO:colcon.colcon_ros.task.ament_cmake.build:Building ROS package in '/home/alex/tritonai/software_intro_task/teleop_cpp' with build type 'ament_cmake'
[0.220s] INFO:colcon.colcon_cmake.task.cmake.build:Building CMake package in '/home/alex/tritonai/software_intro_task/teleop_cpp'
[0.224s] INFO:colcon.colcon_core.plugin_system:Skipping extension 'colcon_core.shell.bat': Not used on non-Windows systems
[0.224s] INFO:colcon.colcon_core.shell:Skip shell extension 'powershell' for command environment: Not usable outside of PowerShell
[0.224s] DEBUG:colcon.colcon_core.shell:Skip shell extension 'dsv' for command environment
[0.227s] INFO:colcon.colcon_ros.task.ament_cmake.build:Building ROS package in '/home/alex/tritonai/software_intro_task/teleop_msgs' with build type 'ament_cmake'
[0.227s] INFO:colcon.colcon_cmake.task.cmake.build:Building CMake package in '/home/alex/tritonai/software_intro_task/teleop_msgs'
[0.228s] INFO:colcon.colcon_core.shell:Skip shell extension 'powershell' for command environment: Not usable outside of PowerShell
[0.228s] DEBUG:colcon.colcon_core.shell:Skip shell extension 'dsv' for command environment
[0.231s] INFO:colcon.colcon_ros.task.ament_python.build:Building ROS package in '/home/alex/tritonai/software_intro_task/teleop_py' with build type 'ament_python'
[0.232s] Level 1:colcon.colcon_core.shell:create_environment_hook('teleop_py', 'ament_prefix_path')
[0.233s] INFO:colcon.colcon_core.shell:Creating environment hook '/home/alex/tritonai/software_intro_task/install/teleop_py/share/teleop_py/hook/ament_prefix_path.ps1'
[0.234s] INFO:colcon.colcon_core.shell:Creating environment descriptor '/home/alex/tritonai/software_intro_task/install/teleop_py/share/teleop_py/hook/ament_prefix_path.dsv'
[0.235s] INFO:colcon.colcon_core.shell:Creating environment hook '/home/alex/tritonai/software_intro_task/install/teleop_py/share/teleop_py/hook/ament_prefix_path.sh'
[0.236s] INFO:colcon.colcon_core.shell:Skip shell extension 'powershell' for command environment: Not usable outside of PowerShell
[0.236s] DEBUG:colcon.colcon_core.shell:Skip shell extension 'dsv' for command environment
[0.244s] DEBUG:colcon.colcon_core.event_handler.log_command:Invoking command in '/home/alex/tritonai/software_intro_task/build/teleop_cpp': CMAKE_PREFIX_PATH=/opt/ros/galactic /usr/bin/cmake --build /home/alex/tritonai/software_intro_task/build/teleop_cpp -- -j8 -l8
[0.250s] DEBUG:colcon.colcon_core.event_handler.log_command:Invoking command in '/home/alex/tritonai/software_intro_task/build/teleop_msgs': CMAKE_PREFIX_PATH=/opt/ros/galactic /usr/bin/cmake --build /home/alex/tritonai/software_intro_task/build/teleop_msgs -- -j8 -l8
[0.416s] INFO:colcon.colcon_core.task.python.build:Building Python package in '/home/alex/tritonai/software_intro_task/teleop_py'
[0.417s] INFO:colcon.colcon_core.shell:Skip shell extension 'powershell' for command environment: Not usable outside of PowerShell
[0.417s] DEBUG:colcon.colcon_core.shell:Skip shell extension 'dsv' for command environment
[0.422s] DEBUG:colcon.colcon_core.event_handler.log_command:Invoked command in '/home/alex/tritonai/software_intro_task/build/teleop_cpp' returned '0': CMAKE_PREFIX_PATH=/opt/ros/galactic /usr/bin/cmake --build /home/alex/tritonai/software_intro_task/build/teleop_cpp -- -j8 -l8
[0.445s] DEBUG:colcon.colcon_core.event_handler.log_command:Invoking command in '/home/alex/tritonai/software_intro_task/build/teleop_cpp': CMAKE_PREFIX_PATH=/opt/ros/galactic /usr/bin/cmake --install /home/alex/tritonai/software_intro_task/build/teleop_cpp
[0.453s] Level 1:colcon.colcon_core.environment:create_environment_scripts_only(teleop_cpp)
[0.454s] DEBUG:colcon.colcon_core.event_handler.log_command:Invoked command in '/home/alex/tritonai/software_intro_task/build/teleop_cpp' returned '0': CMAKE_PREFIX_PATH=/opt/ros/galactic /usr/bin/cmake --install /home/alex/tritonai/software_intro_task/build/teleop_cpp
[0.457s] Level 1:colcon.colcon_core.environment:checking '/home/alex/tritonai/software_intro_task/install/teleop_cpp' for CMake module files
[0.458s] Level 1:colcon.colcon_core.environment:checking '/home/alex/tritonai/software_intro_task/install/teleop_cpp' for CMake config files
[0.458s] Level 1:colcon.colcon_core.shell:create_environment_hook('teleop_cpp', 'cmake_prefix_path')
[0.459s] INFO:colcon.colcon_core.shell:Creating environment hook '/home/alex/tritonai/software_intro_task/install/teleop_cpp/share/teleop_cpp/hook/cmake_prefix_path.ps1'
[0.459s] INFO:colcon.colcon_core.shell:Creating environment descriptor '/home/alex/tritonai/software_intro_task/install/teleop_cpp/share/teleop_cpp/hook/cmake_prefix_path.dsv'
[0.459s] INFO:colcon.colcon_core.shell:Creating environment hook '/home/alex/tritonai/software_intro_task/install/teleop_cpp/share/teleop_cpp/hook/cmake_prefix_path.sh'
[0.460s] Level 1:colcon.colcon_core.environment:checking '/home/alex/tritonai/software_intro_task/install/teleop_cpp/lib'
[0.460s] Level 1:colcon.colcon_core.shell:create_environment_hook('teleop_cpp', 'ld_library_path_lib')
[0.461s] INFO:colcon.colcon_core.shell:Creating environment hook '/home/alex/tritonai/software_intro_task/install/teleop_cpp/share/teleop_cpp/hook/ld_library_path_lib.ps1'
[0.461s] INFO:colcon.colcon_core.shell:Creating environment descriptor '/home/alex/tritonai/software_intro_task/install/teleop_cpp/share/teleop_cpp/hook/ld_library_path_lib.dsv'
[0.461s] INFO:colcon.colcon_core.shell:Creating environment hook '/home/alex/tritonai/software_intro_task/install/teleop_cpp/share/teleop_cpp/hook/ld_library_path_lib.sh'
[0.462s] Level 1:colcon.colcon_core.environment:checking '/home/alex/tritonai/software_intro_task/install/teleop_cpp/bin'
[0.462s] Level 1:colcon.colcon_core.environment:checking '/home/alex/tritonai/software_intro_task/install/teleop_cpp/lib/pkgconfig/teleop_cpp.pc'
[0.462s] Level 1:colcon.colcon_core.environment:checking '/home/alex/tritonai/software_intro_task/install/teleop_cpp/lib/python3.8/site-packages'
[0.462s] Level 1:colcon.colcon_core.environment:checking '/home/alex/tritonai/software_intro_task/install/teleop_cpp/bin'
[0.463s] INFO:colcon.colcon_core.shell:Creating package script '/home/alex/tritonai/software_intro_task/install/teleop_cpp/share/teleop_cpp/package.ps1'
[0.464s] INFO:colcon.colcon_core.shell:Creating package descriptor '/home/alex/tritonai/software_intro_task/install/teleop_cpp/share/teleop_cpp/package.dsv'
[0.464s] INFO:colcon.colcon_core.shell:Creating package script '/home/alex/tritonai/software_intro_task/install/teleop_cpp/share/teleop_cpp/package.sh'
[0.465s] INFO:colcon.colcon_core.shell:Creating package script '/home/alex/tritonai/software_intro_task/install/teleop_cpp/share/teleop_cpp/package.bash'
[0.465s] INFO:colcon.colcon_core.shell:Creating package script '/home/alex/tritonai/software_intro_task/install/teleop_cpp/share/teleop_cpp/package.zsh'
[0.466s] Level 1:colcon.colcon_core.environment:create_file_with_runtime_dependencies(/home/alex/tritonai/software_intro_task/install/teleop_cpp/share/colcon-core/packages/teleop_cpp)
[0.483s] Level 1:colcon.colcon_core.environment:create_environment_scripts_only(teleop_cpp)
[0.485s] Level 1:colcon.colcon_core.environment:checking '/home/alex/tritonai/software_intro_task/install/teleop_cpp' for CMake module files
[0.485s] Level 1:colcon.colcon_core.environment:checking '/home/alex/tritonai/software_intro_task/install/teleop_cpp' for CMake config files
[0.485s] Level 1:colcon.colcon_core.shell:create_environment_hook('teleop_cpp', 'cmake_prefix_path')
[0.486s] INFO:colcon.colcon_core.shell:Creating environment hook '/home/alex/tritonai/software_intro_task/install/teleop_cpp/share/teleop_cpp/hook/cmake_prefix_path.ps1'
[0.487s] INFO:colcon.colcon_core.shell:Creating environment descriptor '/home/alex/tritonai/software_intro_task/install/teleop_cpp/share/teleop_cpp/hook/cmake_prefix_path.dsv'
[0.487s] INFO:colcon.colcon_core.shell:Creating environment hook '/home/alex/tritonai/software_intro_task/install/teleop_cpp/share/teleop_cpp/hook/cmake_prefix_path.sh'
[0.487s] Level 1:colcon.colcon_core.environment:checking '/home/alex/tritonai/software_intro_task/install/teleop_cpp/lib'
[0.487s] Level 1:colcon.colcon_core.shell:create_environment_hook('teleop_cpp', 'ld_library_path_lib')
[0.488s] INFO:colcon.colcon_core.shell:Creating environment hook '/home/alex/tritonai/software_intro_task/install/teleop_cpp/share/teleop_cpp/hook/ld_library_path_lib.ps1'
[0.489s] INFO:colcon.colcon_core.shell:Creating environment descriptor '/home/alex/tritonai/software_intro_task/install/teleop_cpp/share/teleop_cpp/hook/ld_library_path_lib.dsv'
[0.489s] INFO:colcon.colcon_core.shell:Creating environment hook '/home/alex/tritonai/software_intro_task/install/teleop_cpp/share/teleop_cpp/hook/ld_library_path_lib.sh'
[0.489s] Level 1:colcon.colcon_core.environment:checking '/home/alex/tritonai/software_intro_task/install/teleop_cpp/bin'
[0.489s] Level 1:colcon.colcon_core.environment:checking '/home/alex/tritonai/software_intro_task/install/teleop_cpp/lib/pkgconfig/teleop_cpp.pc'
[0.489s] Level 1:colcon.colcon_core.environment:checking '/home/alex/tritonai/software_intro_task/install/teleop_cpp/lib/python3.8/site-packages'
[0.489s] Level 1:colcon.colcon_core.environment:checking '/home/alex/tritonai/software_intro_task/install/teleop_cpp/bin'
[0.490s] INFO:colcon.colcon_core.shell:Creating package script '/home/alex/tritonai/software_intro_task/install/teleop_cpp/share/teleop_cpp/package.ps1'
[0.491s] INFO:colcon.colcon_core.shell:Creating package descriptor '/home/alex/tritonai/software_intro_task/install/teleop_cpp/share/teleop_cpp/package.dsv'
[0.491s] INFO:colcon.colcon_core.shell:Creating package script '/home/alex/tritonai/software_intro_task/install/teleop_cpp/share/teleop_cpp/package.sh'
[0.491s] INFO:colcon.colcon_core.shell:Creating package script '/home/alex/tritonai/software_intro_task/install/teleop_cpp/share/teleop_cpp/package.bash'
[0.492s] INFO:colcon.colcon_core.shell:Creating package script '/home/alex/tritonai/software_intro_task/install/teleop_cpp/share/teleop_cpp/package.zsh'
[0.492s] Level 1:colcon.colcon_core.environment:create_file_with_runtime_dependencies(/home/alex/tritonai/software_intro_task/install/teleop_cpp/share/colcon-core/packages/teleop_cpp)
[0.696s] DEBUG:colcon.colcon_core.event_handler.log_command:Invoking command in '/home/alex/tritonai/software_intro_task/teleop_py': PYTHONPATH=/home/alex/tritonai/software_intro_task/install/teleop_py/lib/python3.8/site-packages:${PYTHONPATH} /usr/bin/python3 setup.py egg_info --egg-base ../build/teleop_py build --build-base /home/alex/tritonai/software_intro_task/build/teleop_py/build install --prefix /home/alex/tritonai/software_intro_task/install/teleop_py --record /home/alex/tritonai/software_intro_task/build/teleop_py/install.log --single-version-externally-managed
[0.712s] DEBUG:colcon.colcon_core.event_handler.log_command:Invoked command in '/home/alex/tritonai/software_intro_task/build/teleop_msgs' returned '0': CMAKE_PREFIX_PATH=/opt/ros/galactic /usr/bin/cmake --build /home/alex/tritonai/software_intro_task/build/teleop_msgs -- -j8 -l8
[0.727s] DEBUG:colcon.colcon_core.event_handler.log_command:Invoking command in '/home/alex/tritonai/software_intro_task/build/teleop_msgs': CMAKE_PREFIX_PATH=/opt/ros/galactic /usr/bin/cmake --install /home/alex/tritonai/software_intro_task/build/teleop_msgs
[0.733s] Level 1:colcon.colcon_core.environment:create_environment_scripts_only(teleop_msgs)
[0.735s] Level 1:colcon.colcon_core.environment:checking '/home/alex/tritonai/software_intro_task/install/teleop_msgs' for CMake module files
[0.735s] DEBUG:colcon.colcon_core.event_handler.log_command:Invoked command in '/home/alex/tritonai/software_intro_task/build/teleop_msgs' returned '0': CMAKE_PREFIX_PATH=/opt/ros/galactic /usr/bin/cmake --install /home/alex/tritonai/software_intro_task/build/teleop_msgs
[0.735s] Level 1:colcon.colcon_core.environment:checking '/home/alex/tritonai/software_intro_task/install/teleop_msgs' for CMake config files
[0.736s] Level 1:colcon.colcon_core.shell:create_environment_hook('teleop_msgs', 'cmake_prefix_path')
[0.737s] INFO:colcon.colcon_core.shell:Creating environment hook '/home/alex/tritonai/software_intro_task/install/teleop_msgs/share/teleop_msgs/hook/cmake_prefix_path.ps1'
[0.737s] INFO:colcon.colcon_core.shell:Creating environment descriptor '/home/alex/tritonai/software_intro_task/install/teleop_msgs/share/teleop_msgs/hook/cmake_prefix_path.dsv'
[0.737s] INFO:colcon.colcon_core.shell:Creating environment hook '/home/alex/tritonai/software_intro_task/install/teleop_msgs/share/teleop_msgs/hook/cmake_prefix_path.sh'
[0.738s] Level 1:colcon.colcon_core.environment:checking '/home/alex/tritonai/software_intro_task/install/teleop_msgs/bin'
[0.738s] Level 1:colcon.colcon_core.environment:checking '/home/alex/tritonai/software_intro_task/install/teleop_msgs/lib/pkgconfig/teleop_msgs.pc'
[0.738s] Level 1:colcon.colcon_core.environment:checking '/home/alex/tritonai/software_intro_task/install/teleop_msgs/lib/python3.8/site-packages'
[0.738s] Level 1:colcon.colcon_core.environment:checking '/home/alex/tritonai/software_intro_task/install/teleop_msgs/bin'
[0.739s] INFO:colcon.colcon_core.shell:Creating package script '/home/alex/tritonai/software_intro_task/install/teleop_msgs/share/teleop_msgs/package.ps1'
[0.739s] INFO:colcon.colcon_core.shell:Creating package descriptor '/home/alex/tritonai/software_intro_task/install/teleop_msgs/share/teleop_msgs/package.dsv'
[0.739s] INFO:colcon.colcon_core.shell:Creating package script '/home/alex/tritonai/software_intro_task/install/teleop_msgs/share/teleop_msgs/package.sh'
[0.740s] INFO:colcon.colcon_core.shell:Creating package script '/home/alex/tritonai/software_intro_task/install/teleop_msgs/share/teleop_msgs/package.bash'
[0.740s] INFO:colcon.colcon_core.shell:Creating package script '/home/alex/tritonai/software_intro_task/install/teleop_msgs/share/teleop_msgs/package.zsh'
[0.740s] Level 1:colcon.colcon_core.environment:create_file_with_runtime_dependencies(/home/alex/tritonai/software_intro_task/install/teleop_msgs/share/colcon-core/packages/teleop_msgs)
[0.754s] Level 1:colcon.colcon_core.environment:create_environment_scripts_only(teleop_msgs)
[0.755s] Level 1:colcon.colcon_core.environment:checking '/home/alex/tritonai/software_intro_task/install/teleop_msgs' for CMake module files
[0.756s] Level 1:colcon.colcon_core.environment:checking '/home/alex/tritonai/software_intro_task/install/teleop_msgs' for CMake config files
[0.756s] Level 1:colcon.colcon_core.shell:create_environment_hook('teleop_msgs', 'cmake_prefix_path')
[0.757s] INFO:colcon.colcon_core.shell:Creating environment hook '/home/alex/tritonai/software_intro_task/install/teleop_msgs/share/teleop_msgs/hook/cmake_prefix_path.ps1'
[0.757s] INFO:colcon.colcon_core.shell:Creating environment descriptor '/home/alex/tritonai/software_intro_task/install/teleop_msgs/share/teleop_msgs/hook/cmake_prefix_path.dsv'
[0.757s] INFO:colcon.colcon_core.shell:Creating environment hook '/home/alex/tritonai/software_intro_task/install/teleop_msgs/share/teleop_msgs/hook/cmake_prefix_path.sh'
[0.758s] Level 1:colcon.colcon_core.environment:checking '/home/alex/tritonai/software_intro_task/install/teleop_msgs/bin'
[0.758s] Level 1:colcon.colcon_core.environment:checking '/home/alex/tritonai/software_intro_task/install/teleop_msgs/lib/pkgconfig/teleop_msgs.pc'
[0.758s] Level 1:colcon.colcon_core.environment:checking '/home/alex/tritonai/software_intro_task/install/teleop_msgs/lib/python3.8/site-packages'
[0.758s] Level 1:colcon.colcon_core.environment:checking '/home/alex/tritonai/software_intro_task/install/teleop_msgs/bin'
[0.759s] INFO:colcon.colcon_core.shell:Creating package script '/home/alex/tritonai/software_intro_task/install/teleop_msgs/share/teleop_msgs/package.ps1'
[0.760s] INFO:colcon.colcon_core.shell:Creating package descriptor '/home/alex/tritonai/software_intro_task/install/teleop_msgs/share/teleop_msgs/package.dsv'
[0.760s] INFO:colcon.colcon_core.shell:Creating package script '/home/alex/tritonai/software_intro_task/install/teleop_msgs/share/teleop_msgs/package.sh'
[0.760s] INFO:colcon.colcon_core.shell:Creating package script '/home/alex/tritonai/software_intro_task/install/teleop_msgs/share/teleop_msgs/package.bash'
[0.760s] INFO:colcon.colcon_core.shell:Creating package script '/home/alex/tritonai/software_intro_task/install/teleop_msgs/share/teleop_msgs/package.zsh'
[0.761s] Level 1:colcon.colcon_core.environment:create_file_with_runtime_dependencies(/home/alex/tritonai/software_intro_task/install/teleop_msgs/share/colcon-core/packages/teleop_msgs)
[0.915s] Level 1:colcon.colcon_core.environment:checking '/home/alex/tritonai/software_intro_task/install/teleop_py' for CMake module files
[0.916s] DEBUG:colcon.colcon_core.event_handler.log_command:Invoked command in '/home/alex/tritonai/software_intro_task/teleop_py' returned '0': PYTHONPATH=/home/alex/tritonai/software_intro_task/install/teleop_py/lib/python3.8/site-packages:${PYTHONPATH} /usr/bin/python3 setup.py egg_info --egg-base ../build/teleop_py build --build-base /home/alex/tritonai/software_intro_task/build/teleop_py/build install --prefix /home/alex/tritonai/software_intro_task/install/teleop_py --record /home/alex/tritonai/software_intro_task/build/teleop_py/install.log --single-version-externally-managed
[0.916s] Level 1:colcon.colcon_core.environment:checking '/home/alex/tritonai/software_intro_task/install/teleop_py' for CMake config files
[0.916s] Level 1:colcon.colcon_core.environment:checking '/home/alex/tritonai/software_intro_task/install/teleop_py/lib'
[0.916s] Level 1:colcon.colcon_core.environment:checking '/home/alex/tritonai/software_intro_task/install/teleop_py/bin'
[0.916s] Level 1:colcon.colcon_core.environment:checking '/home/alex/tritonai/software_intro_task/install/teleop_py/lib/pkgconfig/teleop_py.pc'
[0.917s] Level 1:colcon.colcon_core.environment:checking '/home/alex/tritonai/software_intro_task/install/teleop_py/lib/python3.8/site-packages'
[0.917s] Level 1:colcon.colcon_core.shell:create_environment_hook('teleop_py', 'pythonpath')
[0.917s] INFO:colcon.colcon_core.shell:Creating environment hook '/home/alex/tritonai/software_intro_task/install/teleop_py/share/teleop_py/hook/pythonpath.ps1'
[0.918s] INFO:colcon.colcon_core.shell:Creating environment descriptor '/home/alex/tritonai/software_intro_task/install/teleop_py/share/teleop_py/hook/pythonpath.dsv'
[0.918s] INFO:colcon.colcon_core.shell:Creating environment hook '/home/alex/tritonai/software_intro_task/install/teleop_py/share/teleop_py/hook/pythonpath.sh'
[0.918s] Level 1:colcon.colcon_core.environment:checking '/home/alex/tritonai/software_intro_task/install/teleop_py/bin'
[0.918s] Level 1:colcon.colcon_core.environment:create_environment_scripts_only(teleop_py)
[0.919s] INFO:colcon.colcon_core.shell:Creating package script '/home/alex/tritonai/software_intro_task/install/teleop_py/share/teleop_py/package.ps1'
[0.920s] INFO:colcon.colcon_core.shell:Creating package descriptor '/home/alex/tritonai/software_intro_task/install/teleop_py/share/teleop_py/package.dsv'
[0.920s] INFO:colcon.colcon_core.shell:Creating package script '/home/alex/tritonai/software_intro_task/install/teleop_py/share/teleop_py/package.sh'
[0.920s] INFO:colcon.colcon_core.shell:Creating package script '/home/alex/tritonai/software_intro_task/install/teleop_py/share/teleop_py/package.bash'
[0.920s] INFO:colcon.colcon_core.shell:Creating package script '/home/alex/tritonai/software_intro_task/install/teleop_py/share/teleop_py/package.zsh'
[0.921s] Level 1:colcon.colcon_core.environment:create_file_with_runtime_dependencies(/home/alex/tritonai/software_intro_task/install/teleop_py/share/colcon-core/packages/teleop_py)
[0.921s] DEBUG:colcon.colcon_parallel_executor.executor.parallel:closing loop
[0.921s] DEBUG:colcon.colcon_parallel_executor.executor.parallel:loop closed
[0.921s] DEBUG:colcon.colcon_parallel_executor.executor.parallel:run_until_complete finished with '0'
[0.921s] DEBUG:colcon.colcon_core.event_reactor:joining thread
[0.926s] INFO:colcon.colcon_core.plugin_system:Skipping extension 'colcon_notification.desktop_notification.terminal_notifier': Not used on non-Darwin systems
[0.926s] INFO:colcon.colcon_core.plugin_system:Skipping extension 'colcon_notification.desktop_notification.win32': Not used on non-Windows systems
[0.926s] INFO:colcon.colcon_notification.desktop_notification:Sending desktop notification using 'notify2'
[0.936s] DEBUG:colcon.colcon_core.event_reactor:joined thread
[0.937s] INFO:colcon.colcon_core.shell:Creating prefix script '/home/alex/tritonai/software_intro_task/install/local_setup.ps1'
[0.938s] INFO:colcon.colcon_core.shell:Creating prefix util module '/home/alex/tritonai/software_intro_task/install/_local_setup_util_ps1.py'
[0.939s] INFO:colcon.colcon_core.shell:Creating prefix chain script '/home/alex/tritonai/software_intro_task/install/setup.ps1'
[0.940s] INFO:colcon.colcon_core.shell:Creating prefix script '/home/alex/tritonai/software_intro_task/install/local_setup.sh'
[0.940s] INFO:colcon.colcon_core.shell:Creating prefix util module '/home/alex/tritonai/software_intro_task/install/_local_setup_util_sh.py'
[0.940s] INFO:colcon.colcon_core.shell:Creating prefix chain script '/home/alex/tritonai/software_intro_task/install/setup.sh'
[0.941s] INFO:colcon.colcon_core.shell:Creating prefix script '/home/alex/tritonai/software_intro_task/install/local_setup.bash'
[0.941s] INFO:colcon.colcon_core.shell:Creating prefix chain script '/home/alex/tritonai/software_intro_task/install/setup.bash'
[0.942s] INFO:colcon.colcon_core.shell:Creating prefix script '/home/alex/tritonai/software_intro_task/install/local_setup.zsh'
[0.943s] INFO:colcon.colcon_core.shell:Creating prefix chain script '/home/alex/tritonai/software_intro_task/install/setup.zsh'
