[0.541s] Invoking command in '/home/alex/tritonai/software_intro_task/teleop_py': PYTHONPATH=/home/alex/tritonai/software_intro_task/install/teleop_py/lib/python3.8/site-packages:${PYTHONPATH} /usr/bin/python3 setup.py egg_info --egg-base ../build/teleop_py build --build-base /home/alex/tritonai/software_intro_task/build/teleop_py/build install --prefix /home/alex/tritonai/software_intro_task/install/teleop_py --record /home/alex/tritonai/software_intro_task/build/teleop_py/install.log --single-version-externally-managed
[0.700s] running egg_info
[0.700s] writing ../build/teleop_py/teleop_py.egg-info/PKG-INFO
[0.701s] writing dependency_links to ../build/teleop_py/teleop_py.egg-info/dependency_links.txt
[0.701s] writing entry points to ../build/teleop_py/teleop_py.egg-info/entry_points.txt
[0.701s] writing requirements to ../build/teleop_py/teleop_py.egg-info/requires.txt
[0.701s] writing top-level names to ../build/teleop_py/teleop_py.egg-info/top_level.txt
[0.725s] reading manifest file '../build/teleop_py/teleop_py.egg-info/SOURCES.txt'
[0.729s] writing manifest file '../build/teleop_py/teleop_py.egg-info/SOURCES.txt'
[0.729s] running build
[0.730s] running build_py
[0.730s] running install
[0.730s] running install_lib
[0.731s] running install_data
[0.731s] copying param/teleop_py.yaml -> /home/alex/tritonai/software_intro_task/install/teleop_py/share/teleop_py/param
[0.731s] running install_egg_info
[0.732s] removing '/home/alex/tritonai/software_intro_task/install/teleop_py/lib/python3.8/site-packages/teleop_py-1.0.0-py3.8.egg-info' (and everything under it)
[0.733s] Copying ../build/teleop_py/teleop_py.egg-info to /home/alex/tritonai/software_intro_task/install/teleop_py/lib/python3.8/site-packages/teleop_py-1.0.0-py3.8.egg-info
[0.734s] running install_scripts
[0.745s] Installing teleop_py_node_exe script to /home/alex/tritonai/software_intro_task/install/teleop_py/lib/teleop_py
[0.745s] writing list of installed files to '/home/alex/tritonai/software_intro_task/build/teleop_py/install.log'
