[0.021s] Invoking command in '/home/alex/tritonai/software_intro_task/build/teleop_msgs': CMAKE_PREFIX_PATH=/opt/ros/galactic /usr/bin/cmake --build /home/alex/tritonai/software_intro_task/build/teleop_msgs -- -j8 -l8
[0.034s] -- Found ament_cmake_auto: 1.1.5 (/opt/ros/galactic/share/ament_cmake_auto/cmake)
[0.049s] -- Using PYTHON_EXECUTABLE: /usr/bin/python3
[0.162s] -- Using all available rosidl_typesupport_c: rosidl_typesupport_fastrtps_c;rosidl_typesupport_introspection_c
[0.164s] -- Found rosidl_adapter: 2.2.2 (/opt/ros/galactic/share/rosidl_adapter/cmake)
[0.246s] -- Using all available rosidl_typesupport_cpp: rosidl_typesupport_fastrtps_cpp;rosidl_typesupport_introspection_cpp
[0.284s] -- Found rmw_implementation_cmake: 3.3.1 (/opt/ros/galactic/share/rmw_implementation_cmake/cmake)
[0.285s] -- Found rmw_cyclonedds_cpp: 0.22.5 (/opt/ros/galactic/share/rmw_cyclonedds_cpp/cmake)
[0.299s] -- Using RMW implementation 'rmw_cyclonedds_cpp' as default
[0.442s] -- Found ament_lint_auto: 0.10.7 (/opt/ros/galactic/share/ament_lint_auto/cmake)
[0.457s] -- Added test 'copyright' to check source files copyright and LICENSE
[0.459s] -- Added test 'lint_cmake' to check CMake code style
[0.460s] -- Added test 'xmllint' to check XML markup files
[0.463s] -- Configuring done
[0.467s] -- Generating done
[0.468s] -- Build files have been written to: /home/alex/tritonai/software_intro_task/build/teleop_msgs
[0.483s] Invoked command in '/home/alex/tritonai/software_intro_task/build/teleop_msgs' returned '0': CMAKE_PREFIX_PATH=/opt/ros/galactic /usr/bin/cmake --build /home/alex/tritonai/software_intro_task/build/teleop_msgs -- -j8 -l8
[0.497s] Invoking command in '/home/alex/tritonai/software_intro_task/build/teleop_msgs': CMAKE_PREFIX_PATH=/opt/ros/galactic /usr/bin/cmake --install /home/alex/tritonai/software_intro_task/build/teleop_msgs
[0.502s] -- Install configuration: ""
[0.502s] -- Up-to-date: /home/alex/tritonai/software_intro_task/install/teleop_msgs/share/ament_index/resource_index/package_run_dependencies/teleop_msgs
[0.502s] -- Up-to-date: /home/alex/tritonai/software_intro_task/install/teleop_msgs/share/ament_index/resource_index/parent_prefix_path/teleop_msgs
[0.502s] -- Up-to-date: /home/alex/tritonai/software_intro_task/install/teleop_msgs/share/teleop_msgs/environment/ament_prefix_path.sh
[0.502s] -- Installing: /home/alex/tritonai/software_intro_task/install/teleop_msgs/share/teleop_msgs/environment/ament_prefix_path.dsv
[0.503s] -- Up-to-date: /home/alex/tritonai/software_intro_task/install/teleop_msgs/share/teleop_msgs/environment/path.sh
[0.503s] -- Installing: /home/alex/tritonai/software_intro_task/install/teleop_msgs/share/teleop_msgs/environment/path.dsv
[0.503s] -- Up-to-date: /home/alex/tritonai/software_intro_task/install/teleop_msgs/share/teleop_msgs/local_setup.bash
[0.503s] -- Up-to-date: /home/alex/tritonai/software_intro_task/install/teleop_msgs/share/teleop_msgs/local_setup.sh
[0.503s] -- Up-to-date: /home/alex/tritonai/software_intro_task/install/teleop_msgs/share/teleop_msgs/local_setup.zsh
[0.503s] -- Installing: /home/alex/tritonai/software_intro_task/install/teleop_msgs/share/teleop_msgs/local_setup.dsv
[0.503s] -- Installing: /home/alex/tritonai/software_intro_task/install/teleop_msgs/share/teleop_msgs/package.dsv
[0.503s] -- Up-to-date: /home/alex/tritonai/software_intro_task/install/teleop_msgs/share/ament_index/resource_index/packages/teleop_msgs
[0.503s] -- Up-to-date: /home/alex/tritonai/software_intro_task/install/teleop_msgs/share/teleop_msgs/cmake/ament_cmake_export_dependencies-extras.cmake
[0.503s] -- Up-to-date: /home/alex/tritonai/software_intro_task/install/teleop_msgs/share/teleop_msgs/cmake/teleop_msgsConfig.cmake
[0.503s] -- Up-to-date: /home/alex/tritonai/software_intro_task/install/teleop_msgs/share/teleop_msgs/cmake/teleop_msgsConfig-version.cmake
[0.503s] -- Installing: /home/alex/tritonai/software_intro_task/install/teleop_msgs/share/teleop_msgs/package.xml
[0.506s] Invoked command in '/home/alex/tritonai/software_intro_task/build/teleop_msgs' returned '0': CMAKE_PREFIX_PATH=/opt/ros/galactic /usr/bin/cmake --install /home/alex/tritonai/software_intro_task/build/teleop_msgs
