[0.027s] Invoking command in '/home/alex/tritonai/software_intro_task/build/teleop_msgs': CMAKE_PREFIX_PATH=/opt/ros/galactic /usr/bin/cmake --build /home/alex/tritonai/software_intro_task/build/teleop_msgs -- -j8 -l8
[0.085s] -- Found ament_cmake_auto: 1.1.5 (/opt/ros/galactic/share/ament_cmake_auto/cmake)
[0.104s] -- Using PYTHON_EXECUTABLE: /usr/bin/python3
[0.255s] -- Using all available rosidl_typesupport_c: rosidl_typesupport_fastrtps_c;rosidl_typesupport_introspection_c
[0.261s] -- Found rosidl_adapter: 2.2.2 (/opt/ros/galactic/share/rosidl_adapter/cmake)
[0.355s] -- Using all available rosidl_typesupport_cpp: rosidl_typesupport_fastrtps_cpp;rosidl_typesupport_introspection_cpp
[0.407s] -- Found rmw_implementation_cmake: 3.3.1 (/opt/ros/galactic/share/rmw_implementation_cmake/cmake)
[0.409s] -- Found rmw_cyclonedds_cpp: 0.22.5 (/opt/ros/galactic/share/rmw_cyclonedds_cpp/cmake)
[0.426s] -- Using RMW implementation 'rmw_cyclonedds_cpp' as default
[0.589s] CMake Error at /opt/ros/galactic/share/rosidl_cmake/cmake/rosidl_generate_interfaces.cmake:59 (message):
[0.590s]   rosidl_generate_interfaces() called without any interface files
[0.590s] Call Stack (most recent call first):
[0.590s]   CMakeLists.txt:41 (rosidl_generate_interfaces)
[0.590s] 
[0.590s] 
[0.590s] -- Configuring incomplete, errors occurred!
[0.590s] See also "/home/alex/tritonai/software_intro_task/build/teleop_msgs/CMakeFiles/CMakeOutput.log".
[0.591s] See also "/home/alex/tritonai/software_intro_task/build/teleop_msgs/CMakeFiles/CMakeError.log".
[0.594s] make: *** [Makefile:222: cmake_check_build_system] Error 1
[0.595s] Invoked command in '/home/alex/tritonai/software_intro_task/build/teleop_msgs' returned '2': CMAKE_PREFIX_PATH=/opt/ros/galactic /usr/bin/cmake --build /home/alex/tritonai/software_intro_task/build/teleop_msgs -- -j8 -l8
