[0.373s] DEBUG:colcon:Command line arguments: ['/usr/bin/colcon', 'build']
[0.373s] DEBUG:colcon:Parsed command line arguments: Namespace(allow_overriding=[], ament_cmake_args=None, base_paths=['.'], build_base='build', catkin_cmake_args=None, catkin_skip_building_tests=False, cmake_args=None, cmake_clean_cache=False, cmake_clean_first=False, cmake_force_configure=False, cmake_target=None, cmake_target_skip_unavailable=False, continue_on_error=False, event_handlers=None, executor='parallel', ignore_user_meta=False, install_base='install', log_base=None, log_level=None, main=<bound method BuildVerb.main of <colcon_core.verb.build.BuildVerb object at 0x7f2e851071f0>>, merge_install=False, metas=['./colcon.meta'], packages_above=None, packages_above_and_dependencies=None, packages_above_depth=None, packages_end=None, packages_ignore=None, packages_ignore_regex=None, packages_select=None, packages_select_build_failed=False, packages_select_by_dep=None, packages_select_regex=None, packages_select_test_failures=False, packages_skip=None, packages_skip_build_finished=False, packages_skip_by_dep=None, packages_skip_regex=None, packages_skip_test_passed=False, packages_skip_up_to=None, packages_start=None, packages_up_to=None, packages_up_to_regex=None, parallel_workers=8, paths=None, symlink_install=False, test_result_base=None, verb_extension=<colcon_core.verb.build.BuildVerb object at 0x7f2e851071f0>, verb_name='build', verb_parser=<colcon_defaults.argument_parser.defaults.DefaultArgumentsDecorator object at 0x7f2e85107730>)
[0.406s] Level 1:colcon.colcon_core.package_discovery:discover_packages(colcon_meta) check parameters
[0.406s] Level 1:colcon.colcon_core.package_discovery:discover_packages(recursive) check parameters
[0.406s] Level 1:colcon.colcon_core.package_discovery:discover_packages(ignore) check parameters
[0.406s] Level 1:colcon.colcon_core.package_discovery:discover_packages(path) check parameters
[0.406s] Level 1:colcon.colcon_core.package_discovery:discover_packages(colcon_meta) discover
[0.406s] Level 1:colcon.colcon_core.package_discovery:discover_packages(recursive) discover
[0.406s] INFO:colcon.colcon_core.package_discovery:Crawling recursively for packages in '/home/alex/tritonai/software_intro_task'
[0.406s] Level 1:colcon.colcon_core.package_identification:_identify(.) by extensions ['ignore', 'ignore_ament_install']
[0.407s] Level 1:colcon.colcon_core.package_identification:_identify(.) by extension 'ignore'
[0.407s] Level 1:colcon.colcon_core.package_identification:_identify(.) by extension 'ignore_ament_install'
[0.407s] Level 1:colcon.colcon_core.package_identification:_identify(.) by extensions ['colcon_pkg']
[0.407s] Level 1:colcon.colcon_core.package_identification:_identify(.) by extension 'colcon_pkg'
[0.407s] Level 1:colcon.colcon_core.package_identification:_identify(.) by extensions ['colcon_meta']
[0.407s] Level 1:colcon.colcon_core.package_identification:_identify(.) by extension 'colcon_meta'
[0.407s] Level 1:colcon.colcon_core.package_identification:_identify(.) by extensions ['ros']
[0.407s] Level 1:colcon.colcon_core.package_identification:_identify(.) by extension 'ros'
[0.431s] Level 1:colcon.colcon_core.package_identification:_identify(.) by extensions ['cmake', 'python']
[0.431s] Level 1:colcon.colcon_core.package_identification:_identify(.) by extension 'cmake'
[0.431s] Level 1:colcon.colcon_core.package_identification:_identify(.) by extension 'python'
[0.431s] Level 1:colcon.colcon_core.package_identification:_identify(.) by extensions ['python_setup_py']
[0.431s] Level 1:colcon.colcon_core.package_identification:_identify(.) by extension 'python_setup_py'
[0.431s] Level 1:colcon.colcon_core.package_identification:_identify(build) by extensions ['ignore', 'ignore_ament_install']
[0.431s] Level 1:colcon.colcon_core.package_identification:_identify(build) by extension 'ignore'
[0.431s] Level 1:colcon.colcon_core.package_identification:_identify(build) ignored
[0.431s] Level 1:colcon.colcon_core.package_identification:_identify(install) by extensions ['ignore', 'ignore_ament_install']
[0.431s] Level 1:colcon.colcon_core.package_identification:_identify(install) by extension 'ignore'
[0.431s] Level 1:colcon.colcon_core.package_identification:_identify(install) ignored
[0.431s] Level 1:colcon.colcon_core.package_identification:_identify(log) by extensions ['ignore', 'ignore_ament_install']
[0.431s] Level 1:colcon.colcon_core.package_identification:_identify(log) by extension 'ignore'
[0.431s] Level 1:colcon.colcon_core.package_identification:_identify(log) ignored
[0.442s] Level 1:colcon.colcon_core.package_identification:_identify(teleop_cpp) by extensions ['ignore', 'ignore_ament_install']
[0.442s] Level 1:colcon.colcon_core.package_identification:_identify(teleop_cpp) by extension 'ignore'
[0.442s] Level 1:colcon.colcon_core.package_identification:_identify(teleop_cpp) by extension 'ignore_ament_install'
[0.443s] Level 1:colcon.colcon_core.package_identification:_identify(teleop_cpp) by extensions ['colcon_pkg']
[0.443s] Level 1:colcon.colcon_core.package_identification:_identify(teleop_cpp) by extension 'colcon_pkg'
[0.443s] Level 1:colcon.colcon_core.package_identification:_identify(teleop_cpp) by extensions ['colcon_meta']
[0.443s] Level 1:colcon.colcon_core.package_identification:_identify(teleop_cpp) by extension 'colcon_meta'
[0.443s] Level 1:colcon.colcon_core.package_identification:_identify(teleop_cpp) by extensions ['ros']
[0.444s] Level 1:colcon.colcon_core.package_identification:_identify(teleop_cpp) by extension 'ros'
[0.458s] DEBUG:colcon.colcon_core.package_identification:Package 'teleop_cpp' with type 'ros.ament_cmake' and name 'teleop_cpp'
[0.458s] Level 1:colcon.colcon_core.package_identification:_identify(teleop_msgs) by extensions ['ignore', 'ignore_ament_install']
[0.459s] Level 1:colcon.colcon_core.package_identification:_identify(teleop_msgs) by extension 'ignore'
[0.459s] Level 1:colcon.colcon_core.package_identification:_identify(teleop_msgs) by extension 'ignore_ament_install'
[0.459s] Level 1:colcon.colcon_core.package_identification:_identify(teleop_msgs) by extensions ['colcon_pkg']
[0.459s] Level 1:colcon.colcon_core.package_identification:_identify(teleop_msgs) by extension 'colcon_pkg'
[0.460s] Level 1:colcon.colcon_core.package_identification:_identify(teleop_msgs) by extensions ['colcon_meta']
[0.460s] Level 1:colcon.colcon_core.package_identification:_identify(teleop_msgs) by extension 'colcon_meta'
[0.460s] Level 1:colcon.colcon_core.package_identification:_identify(teleop_msgs) by extensions ['ros']
[0.460s] Level 1:colcon.colcon_core.package_identification:_identify(teleop_msgs) by extension 'ros'
[0.463s] DEBUG:colcon.colcon_core.package_identification:Package 'teleop_msgs' with type 'ros.ament_cmake' and name 'teleop_msgs'
[0.464s] Level 1:colcon.colcon_core.package_identification:_identify(teleop_py) by extensions ['ignore', 'ignore_ament_install']
[0.464s] Level 1:colcon.colcon_core.package_identification:_identify(teleop_py) by extension 'ignore'
[0.464s] Level 1:colcon.colcon_core.package_identification:_identify(teleop_py) by extension 'ignore_ament_install'
[0.464s] Level 1:colcon.colcon_core.package_identification:_identify(teleop_py) by extensions ['colcon_pkg']
[0.465s] Level 1:colcon.colcon_core.package_identification:_identify(teleop_py) by extension 'colcon_pkg'
[0.465s] Level 1:colcon.colcon_core.package_identification:_identify(teleop_py) by extensions ['colcon_meta']
[0.465s] Level 1:colcon.colcon_core.package_identification:_identify(teleop_py) by extension 'colcon_meta'
[0.465s] Level 1:colcon.colcon_core.package_identification:_identify(teleop_py) by extensions ['ros']
[0.465s] Level 1:colcon.colcon_core.package_identification:_identify(teleop_py) by extension 'ros'
[0.467s] DEBUG:colcon.colcon_core.package_identification:Package 'teleop_py' with type 'ros.ament_python' and name 'teleop_py'
[0.467s] Level 1:colcon.colcon_core.package_discovery:discover_packages(recursive) using defaults
[0.467s] Level 1:colcon.colcon_core.package_discovery:discover_packages(ignore) discover
[0.467s] Level 1:colcon.colcon_core.package_discovery:discover_packages(ignore) using defaults
[0.467s] Level 1:colcon.colcon_core.package_discovery:discover_packages(path) discover
[0.467s] Level 1:colcon.colcon_core.package_discovery:discover_packages(path) using defaults
[0.509s] Level 1:colcon.colcon_core.package_discovery:discover_packages(prefix_path) check parameters
[0.510s] Level 1:colcon.colcon_core.package_discovery:discover_packages(prefix_path) discover
[0.516s] DEBUG:colcon.colcon_installed_package_information.package_discovery:Found 270 installed packages in /opt/ros/galactic
[0.518s] Level 1:colcon.colcon_core.package_discovery:discover_packages(prefix_path) using defaults
[0.591s] Level 5:colcon.colcon_core.verb:set package 'teleop_cpp' build argument 'cmake_args' from command line to 'None'
[0.591s] Level 5:colcon.colcon_core.verb:set package 'teleop_cpp' build argument 'cmake_target' from command line to 'None'
[0.591s] Level 5:colcon.colcon_core.verb:set package 'teleop_cpp' build argument 'cmake_target_skip_unavailable' from command line to 'False'
[0.591s] Level 5:colcon.colcon_core.verb:set package 'teleop_cpp' build argument 'cmake_clean_cache' from command line to 'False'
[0.591s] Level 5:colcon.colcon_core.verb:set package 'teleop_cpp' build argument 'cmake_clean_first' from command line to 'False'
[0.591s] Level 5:colcon.colcon_core.verb:set package 'teleop_cpp' build argument 'cmake_force_configure' from command line to 'False'
[0.591s] Level 5:colcon.colcon_core.verb:set package 'teleop_cpp' build argument 'ament_cmake_args' from command line to 'None'
[0.591s] Level 5:colcon.colcon_core.verb:set package 'teleop_cpp' build argument 'catkin_cmake_args' from command line to 'None'
[0.591s] Level 5:colcon.colcon_core.verb:set package 'teleop_cpp' build argument 'catkin_skip_building_tests' from command line to 'False'
[0.591s] DEBUG:colcon.colcon_core.verb:Building package 'teleop_cpp' with the following arguments: {'ament_cmake_args': None, 'build_base': '/home/alex/tritonai/software_intro_task/build/teleop_cpp', 'catkin_cmake_args': None, 'catkin_skip_building_tests': False, 'cmake_args': None, 'cmake_clean_cache': False, 'cmake_clean_first': False, 'cmake_force_configure': False, 'cmake_target': None, 'cmake_target_skip_unavailable': False, 'install_base': '/home/alex/tritonai/software_intro_task/install/teleop_cpp', 'merge_install': False, 'path': '/home/alex/tritonai/software_intro_task/teleop_cpp', 'symlink_install': False, 'test_result_base': None}
[0.592s] Level 5:colcon.colcon_core.verb:set package 'teleop_msgs' build argument 'cmake_args' from command line to 'None'
[0.592s] Level 5:colcon.colcon_core.verb:set package 'teleop_msgs' build argument 'cmake_target' from command line to 'None'
[0.592s] Level 5:colcon.colcon_core.verb:set package 'teleop_msgs' build argument 'cmake_target_skip_unavailable' from command line to 'False'
[0.592s] Level 5:colcon.colcon_core.verb:set package 'teleop_msgs' build argument 'cmake_clean_cache' from command line to 'False'
[0.592s] Level 5:colcon.colcon_core.verb:set package 'teleop_msgs' build argument 'cmake_clean_first' from command line to 'False'
[0.592s] Level 5:colcon.colcon_core.verb:set package 'teleop_msgs' build argument 'cmake_force_configure' from command line to 'False'
[0.592s] Level 5:colcon.colcon_core.verb:set package 'teleop_msgs' build argument 'ament_cmake_args' from command line to 'None'
[0.592s] Level 5:colcon.colcon_core.verb:set package 'teleop_msgs' build argument 'catkin_cmake_args' from command line to 'None'
[0.592s] Level 5:colcon.colcon_core.verb:set package 'teleop_msgs' build argument 'catkin_skip_building_tests' from command line to 'False'
[0.592s] DEBUG:colcon.colcon_core.verb:Building package 'teleop_msgs' with the following arguments: {'ament_cmake_args': None, 'build_base': '/home/alex/tritonai/software_intro_task/build/teleop_msgs', 'catkin_cmake_args': None, 'catkin_skip_building_tests': False, 'cmake_args': None, 'cmake_clean_cache': False, 'cmake_clean_first': False, 'cmake_force_configure': False, 'cmake_target': None, 'cmake_target_skip_unavailable': False, 'install_base': '/home/alex/tritonai/software_intro_task/install/teleop_msgs', 'merge_install': False, 'path': '/home/alex/tritonai/software_intro_task/teleop_msgs', 'symlink_install': False, 'test_result_base': None}
[0.593s] Level 5:colcon.colcon_core.verb:set package 'teleop_py' build argument 'cmake_args' from command line to 'None'
[0.593s] Level 5:colcon.colcon_core.verb:set package 'teleop_py' build argument 'cmake_target' from command line to 'None'
[0.593s] Level 5:colcon.colcon_core.verb:set package 'teleop_py' build argument 'cmake_target_skip_unavailable' from command line to 'False'
[0.593s] Level 5:colcon.colcon_core.verb:set package 'teleop_py' build argument 'cmake_clean_cache' from command line to 'False'
[0.593s] Level 5:colcon.colcon_core.verb:set package 'teleop_py' build argument 'cmake_clean_first' from command line to 'False'
[0.593s] Level 5:colcon.colcon_core.verb:set package 'teleop_py' build argument 'cmake_force_configure' from command line to 'False'
[0.593s] Level 5:colcon.colcon_core.verb:set package 'teleop_py' build argument 'ament_cmake_args' from command line to 'None'
[0.593s] Level 5:colcon.colcon_core.verb:set package 'teleop_py' build argument 'catkin_cmake_args' from command line to 'None'
[0.593s] Level 5:colcon.colcon_core.verb:set package 'teleop_py' build argument 'catkin_skip_building_tests' from command line to 'False'
[0.593s] DEBUG:colcon.colcon_core.verb:Building package 'teleop_py' with the following arguments: {'ament_cmake_args': None, 'build_base': '/home/alex/tritonai/software_intro_task/build/teleop_py', 'catkin_cmake_args': None, 'catkin_skip_building_tests': False, 'cmake_args': None, 'cmake_clean_cache': False, 'cmake_clean_first': False, 'cmake_force_configure': False, 'cmake_target': None, 'cmake_target_skip_unavailable': False, 'install_base': '/home/alex/tritonai/software_intro_task/install/teleop_py', 'merge_install': False, 'path': '/home/alex/tritonai/software_intro_task/teleop_py', 'symlink_install': False, 'test_result_base': None}
[0.593s] INFO:colcon.colcon_core.executor:Executing jobs using 'parallel' executor
[0.594s] DEBUG:colcon.colcon_parallel_executor.executor.parallel:run_until_complete
[0.595s] INFO:colcon.colcon_ros.task.ament_cmake.build:Building ROS package in '/home/alex/tritonai/software_intro_task/teleop_cpp' with build type 'ament_cmake'
[0.595s] INFO:colcon.colcon_cmake.task.cmake.build:Building CMake package in '/home/alex/tritonai/software_intro_task/teleop_cpp'
[0.600s] INFO:colcon.colcon_core.plugin_system:Skipping extension 'colcon_core.shell.bat': Not used on non-Windows systems
[0.600s] INFO:colcon.colcon_core.shell:Skip shell extension 'powershell' for command environment: Not usable outside of PowerShell
[0.600s] DEBUG:colcon.colcon_core.shell:Skip shell extension 'dsv' for command environment
[0.603s] INFO:colcon.colcon_ros.task.ament_cmake.build:Building ROS package in '/home/alex/tritonai/software_intro_task/teleop_msgs' with build type 'ament_cmake'
[0.603s] INFO:colcon.colcon_cmake.task.cmake.build:Building CMake package in '/home/alex/tritonai/software_intro_task/teleop_msgs'
[0.604s] INFO:colcon.colcon_core.shell:Skip shell extension 'powershell' for command environment: Not usable outside of PowerShell
[0.604s] DEBUG:colcon.colcon_core.shell:Skip shell extension 'dsv' for command environment
[0.607s] INFO:colcon.colcon_ros.task.ament_python.build:Building ROS package in '/home/alex/tritonai/software_intro_task/teleop_py' with build type 'ament_python'
[0.607s] Level 1:colcon.colcon_core.shell:create_environment_hook('teleop_py', 'ament_prefix_path')
[0.607s] INFO:colcon.colcon_core.shell:Creating environment hook '/home/alex/tritonai/software_intro_task/install/teleop_py/share/teleop_py/hook/ament_prefix_path.ps1'
[0.608s] INFO:colcon.colcon_core.shell:Creating environment descriptor '/home/alex/tritonai/software_intro_task/install/teleop_py/share/teleop_py/hook/ament_prefix_path.dsv'
[0.608s] INFO:colcon.colcon_core.shell:Creating environment hook '/home/alex/tritonai/software_intro_task/install/teleop_py/share/teleop_py/hook/ament_prefix_path.sh'
[0.609s] INFO:colcon.colcon_core.shell:Skip shell extension 'powershell' for command environment: Not usable outside of PowerShell
[0.609s] DEBUG:colcon.colcon_core.shell:Skip shell extension 'dsv' for command environment
[0.614s] DEBUG:colcon.colcon_core.event_handler.log_command:Invoking command in '/home/alex/tritonai/software_intro_task/build/teleop_cpp': CMAKE_PREFIX_PATH=/opt/ros/galactic /usr/bin/cmake /home/alex/tritonai/software_intro_task/teleop_cpp -DCMAKE_INSTALL_PREFIX=/home/alex/tritonai/software_intro_task/install/teleop_cpp
[0.620s] DEBUG:colcon.colcon_core.event_handler.log_command:Invoking command in '/home/alex/tritonai/software_intro_task/build/teleop_msgs': CMAKE_PREFIX_PATH=/opt/ros/galactic /usr/bin/cmake /home/alex/tritonai/software_intro_task/teleop_msgs -DCMAKE_INSTALL_PREFIX=/home/alex/tritonai/software_intro_task/install/teleop_msgs
[0.783s] INFO:colcon.colcon_core.task.python.build:Building Python package in '/home/alex/tritonai/software_intro_task/teleop_py'
[0.784s] INFO:colcon.colcon_core.shell:Skip shell extension 'powershell' for command environment: Not usable outside of PowerShell
[0.784s] DEBUG:colcon.colcon_core.shell:Skip shell extension 'dsv' for command environment
[1.175s] DEBUG:colcon.colcon_core.event_handler.log_command:Invoking command in '/home/alex/tritonai/software_intro_task/teleop_py': PYTHONPATH=/home/alex/tritonai/software_intro_task/build/teleop_py/prefix_override:/home/alex/tritonai/software_intro_task/install/teleop_py/lib/python3.8/site-packages:${PYTHONPATH} /usr/bin/python3 setup.py egg_info --egg-base ../build/teleop_py build --build-base /home/alex/tritonai/software_intro_task/build/teleop_py/build install --record /home/alex/tritonai/software_intro_task/build/teleop_py/install.log --single-version-externally-managed
[1.403s] DEBUG:colcon.colcon_core.event_handler.log_command:Invoked command in '/home/alex/tritonai/software_intro_task/teleop_py' returned '0': PYTHONPATH=/home/alex/tritonai/software_intro_task/build/teleop_py/prefix_override:/home/alex/tritonai/software_intro_task/install/teleop_py/lib/python3.8/site-packages:${PYTHONPATH} /usr/bin/python3 setup.py egg_info --egg-base ../build/teleop_py build --build-base /home/alex/tritonai/software_intro_task/build/teleop_py/build install --record /home/alex/tritonai/software_intro_task/build/teleop_py/install.log --single-version-externally-managed
[1.407s] Level 1:colcon.colcon_core.environment:checking '/home/alex/tritonai/software_intro_task/install/teleop_py' for CMake module files
[1.407s] Level 1:colcon.colcon_core.environment:checking '/home/alex/tritonai/software_intro_task/install/teleop_py' for CMake config files
[1.408s] Level 1:colcon.colcon_core.environment:checking '/home/alex/tritonai/software_intro_task/install/teleop_py/lib'
[1.408s] Level 1:colcon.colcon_core.environment:checking '/home/alex/tritonai/software_intro_task/install/teleop_py/bin'
[1.408s] Level 1:colcon.colcon_core.environment:checking '/home/alex/tritonai/software_intro_task/install/teleop_py/lib/pkgconfig/teleop_py.pc'
[1.408s] Level 1:colcon.colcon_core.environment:checking '/home/alex/tritonai/software_intro_task/install/teleop_py/lib/python3.8/site-packages'
[1.408s] Level 1:colcon.colcon_core.shell:create_environment_hook('teleop_py', 'pythonpath')
[1.409s] INFO:colcon.colcon_core.shell:Creating environment hook '/home/alex/tritonai/software_intro_task/install/teleop_py/share/teleop_py/hook/pythonpath.ps1'
[1.409s] INFO:colcon.colcon_core.shell:Creating environment descriptor '/home/alex/tritonai/software_intro_task/install/teleop_py/share/teleop_py/hook/pythonpath.dsv'
[1.409s] INFO:colcon.colcon_core.shell:Creating environment hook '/home/alex/tritonai/software_intro_task/install/teleop_py/share/teleop_py/hook/pythonpath.sh'
[1.409s] Level 1:colcon.colcon_core.environment:checking '/home/alex/tritonai/software_intro_task/install/teleop_py/bin'
[1.409s] Level 1:colcon.colcon_core.environment:create_environment_scripts_only(teleop_py)
[1.410s] INFO:colcon.colcon_core.shell:Creating package script '/home/alex/tritonai/software_intro_task/install/teleop_py/share/teleop_py/package.ps1'
[1.411s] INFO:colcon.colcon_core.shell:Creating package descriptor '/home/alex/tritonai/software_intro_task/install/teleop_py/share/teleop_py/package.dsv'
[1.411s] INFO:colcon.colcon_core.shell:Creating package script '/home/alex/tritonai/software_intro_task/install/teleop_py/share/teleop_py/package.sh'
[1.412s] INFO:colcon.colcon_core.shell:Creating package script '/home/alex/tritonai/software_intro_task/install/teleop_py/share/teleop_py/package.bash'
[1.413s] INFO:colcon.colcon_core.shell:Creating package script '/home/alex/tritonai/software_intro_task/install/teleop_py/share/teleop_py/package.zsh'
[1.413s] Level 1:colcon.colcon_core.environment:create_file_with_runtime_dependencies(/home/alex/tritonai/software_intro_task/install/teleop_py/share/colcon-core/packages/teleop_py)
[1.991s] DEBUG:colcon.colcon_core.event_handler.log_command:Invoked command in '/home/alex/tritonai/software_intro_task/build/teleop_msgs' returned '0': CMAKE_PREFIX_PATH=/opt/ros/galactic /usr/bin/cmake /home/alex/tritonai/software_intro_task/teleop_msgs -DCMAKE_INSTALL_PREFIX=/home/alex/tritonai/software_intro_task/install/teleop_msgs
[1.992s] DEBUG:colcon.colcon_core.event_handler.log_command:Invoking command in '/home/alex/tritonai/software_intro_task/build/teleop_msgs': CMAKE_PREFIX_PATH=/opt/ros/galactic /usr/bin/cmake --build /home/alex/tritonai/software_intro_task/build/teleop_msgs -- -j8 -l8
[1.995s] DEBUG:colcon.colcon_core.event_handler.log_command:Invoked command in '/home/alex/tritonai/software_intro_task/build/teleop_cpp' returned '0': CMAKE_PREFIX_PATH=/opt/ros/galactic /usr/bin/cmake /home/alex/tritonai/software_intro_task/teleop_cpp -DCMAKE_INSTALL_PREFIX=/home/alex/tritonai/software_intro_task/install/teleop_cpp
[1.997s] DEBUG:colcon.colcon_core.event_handler.log_command:Invoking command in '/home/alex/tritonai/software_intro_task/build/teleop_cpp': CMAKE_PREFIX_PATH=/opt/ros/galactic /usr/bin/cmake --build /home/alex/tritonai/software_intro_task/build/teleop_cpp -- -j8 -l8
[2.017s] DEBUG:colcon.colcon_core.event_handler.log_command:Invoked command in '/home/alex/tritonai/software_intro_task/build/teleop_msgs' returned '0': CMAKE_PREFIX_PATH=/opt/ros/galactic /usr/bin/cmake --build /home/alex/tritonai/software_intro_task/build/teleop_msgs -- -j8 -l8
[2.038s] DEBUG:colcon.colcon_core.event_handler.log_command:Invoking command in '/home/alex/tritonai/software_intro_task/build/teleop_msgs': CMAKE_PREFIX_PATH=/opt/ros/galactic /usr/bin/cmake --install /home/alex/tritonai/software_intro_task/build/teleop_msgs
[2.045s] Level 1:colcon.colcon_core.environment:create_environment_scripts_only(teleop_msgs)
[2.046s] Level 1:colcon.colcon_core.environment:checking '/home/alex/tritonai/software_intro_task/install/teleop_msgs' for CMake module files
[2.046s] DEBUG:colcon.colcon_core.event_handler.log_command:Invoked command in '/home/alex/tritonai/software_intro_task/build/teleop_msgs' returned '0': CMAKE_PREFIX_PATH=/opt/ros/galactic /usr/bin/cmake --install /home/alex/tritonai/software_intro_task/build/teleop_msgs
[2.046s] Level 1:colcon.colcon_core.environment:checking '/home/alex/tritonai/software_intro_task/install/teleop_msgs' for CMake config files
[2.046s] Level 1:colcon.colcon_core.shell:create_environment_hook('teleop_msgs', 'cmake_prefix_path')
[2.047s] INFO:colcon.colcon_core.shell:Creating environment hook '/home/alex/tritonai/software_intro_task/install/teleop_msgs/share/teleop_msgs/hook/cmake_prefix_path.ps1'
[2.047s] INFO:colcon.colcon_core.shell:Creating environment descriptor '/home/alex/tritonai/software_intro_task/install/teleop_msgs/share/teleop_msgs/hook/cmake_prefix_path.dsv'
[2.047s] INFO:colcon.colcon_core.shell:Creating environment hook '/home/alex/tritonai/software_intro_task/install/teleop_msgs/share/teleop_msgs/hook/cmake_prefix_path.sh'
[2.048s] Level 1:colcon.colcon_core.environment:checking '/home/alex/tritonai/software_intro_task/install/teleop_msgs/bin'
[2.048s] Level 1:colcon.colcon_core.environment:checking '/home/alex/tritonai/software_intro_task/install/teleop_msgs/lib/pkgconfig/teleop_msgs.pc'
[2.048s] Level 1:colcon.colcon_core.environment:checking '/home/alex/tritonai/software_intro_task/install/teleop_msgs/lib/python3.8/site-packages'
[2.048s] Level 1:colcon.colcon_core.environment:checking '/home/alex/tritonai/software_intro_task/install/teleop_msgs/bin'
[2.048s] INFO:colcon.colcon_core.shell:Creating package script '/home/alex/tritonai/software_intro_task/install/teleop_msgs/share/teleop_msgs/package.ps1'
[2.049s] INFO:colcon.colcon_core.shell:Creating package descriptor '/home/alex/tritonai/software_intro_task/install/teleop_msgs/share/teleop_msgs/package.dsv'
[2.049s] INFO:colcon.colcon_core.shell:Creating package script '/home/alex/tritonai/software_intro_task/install/teleop_msgs/share/teleop_msgs/package.sh'
[2.049s] INFO:colcon.colcon_core.shell:Creating package script '/home/alex/tritonai/software_intro_task/install/teleop_msgs/share/teleop_msgs/package.bash'
[2.049s] INFO:colcon.colcon_core.shell:Creating package script '/home/alex/tritonai/software_intro_task/install/teleop_msgs/share/teleop_msgs/package.zsh'
[2.050s] Level 1:colcon.colcon_core.environment:create_file_with_runtime_dependencies(/home/alex/tritonai/software_intro_task/install/teleop_msgs/share/colcon-core/packages/teleop_msgs)
[2.062s] Level 1:colcon.colcon_core.environment:create_environment_scripts_only(teleop_msgs)
[2.063s] Level 1:colcon.colcon_core.environment:checking '/home/alex/tritonai/software_intro_task/install/teleop_msgs' for CMake module files
[2.064s] Level 1:colcon.colcon_core.environment:checking '/home/alex/tritonai/software_intro_task/install/teleop_msgs' for CMake config files
[2.064s] Level 1:colcon.colcon_core.shell:create_environment_hook('teleop_msgs', 'cmake_prefix_path')
[2.064s] INFO:colcon.colcon_core.shell:Creating environment hook '/home/alex/tritonai/software_intro_task/install/teleop_msgs/share/teleop_msgs/hook/cmake_prefix_path.ps1'
[2.064s] INFO:colcon.colcon_core.shell:Creating environment descriptor '/home/alex/tritonai/software_intro_task/install/teleop_msgs/share/teleop_msgs/hook/cmake_prefix_path.dsv'
[2.065s] INFO:colcon.colcon_core.shell:Creating environment hook '/home/alex/tritonai/software_intro_task/install/teleop_msgs/share/teleop_msgs/hook/cmake_prefix_path.sh'
[2.065s] Level 1:colcon.colcon_core.environment:checking '/home/alex/tritonai/software_intro_task/install/teleop_msgs/bin'
[2.065s] Level 1:colcon.colcon_core.environment:checking '/home/alex/tritonai/software_intro_task/install/teleop_msgs/lib/pkgconfig/teleop_msgs.pc'
[2.065s] Level 1:colcon.colcon_core.environment:checking '/home/alex/tritonai/software_intro_task/install/teleop_msgs/lib/python3.8/site-packages'
[2.065s] Level 1:colcon.colcon_core.environment:checking '/home/alex/tritonai/software_intro_task/install/teleop_msgs/bin'
[2.066s] INFO:colcon.colcon_core.shell:Creating package script '/home/alex/tritonai/software_intro_task/install/teleop_msgs/share/teleop_msgs/package.ps1'
[2.066s] INFO:colcon.colcon_core.shell:Creating package descriptor '/home/alex/tritonai/software_intro_task/install/teleop_msgs/share/teleop_msgs/package.dsv'
[2.066s] INFO:colcon.colcon_core.shell:Creating package script '/home/alex/tritonai/software_intro_task/install/teleop_msgs/share/teleop_msgs/package.sh'
[2.066s] INFO:colcon.colcon_core.shell:Creating package script '/home/alex/tritonai/software_intro_task/install/teleop_msgs/share/teleop_msgs/package.bash'
[2.067s] INFO:colcon.colcon_core.shell:Creating package script '/home/alex/tritonai/software_intro_task/install/teleop_msgs/share/teleop_msgs/package.zsh'
[2.067s] Level 1:colcon.colcon_core.environment:create_file_with_runtime_dependencies(/home/alex/tritonai/software_intro_task/install/teleop_msgs/share/colcon-core/packages/teleop_msgs)
[4.141s] DEBUG:colcon.colcon_core.event_handler.log_command:Invoked command in '/home/alex/tritonai/software_intro_task/build/teleop_cpp' returned '0': CMAKE_PREFIX_PATH=/opt/ros/galactic /usr/bin/cmake --build /home/alex/tritonai/software_intro_task/build/teleop_cpp -- -j8 -l8
[4.157s] DEBUG:colcon.colcon_core.event_handler.log_command:Invoking command in '/home/alex/tritonai/software_intro_task/build/teleop_cpp': CMAKE_PREFIX_PATH=/opt/ros/galactic /usr/bin/cmake --install /home/alex/tritonai/software_intro_task/build/teleop_cpp
[4.167s] Level 1:colcon.colcon_core.environment:create_environment_scripts_only(teleop_cpp)
[4.168s] Level 1:colcon.colcon_core.environment:checking '/home/alex/tritonai/software_intro_task/install/teleop_cpp' for CMake module files
[4.168s] DEBUG:colcon.colcon_core.event_handler.log_command:Invoked command in '/home/alex/tritonai/software_intro_task/build/teleop_cpp' returned '0': CMAKE_PREFIX_PATH=/opt/ros/galactic /usr/bin/cmake --install /home/alex/tritonai/software_intro_task/build/teleop_cpp
[4.168s] Level 1:colcon.colcon_core.environment:checking '/home/alex/tritonai/software_intro_task/install/teleop_cpp' for CMake config files
[4.168s] Level 1:colcon.colcon_core.shell:create_environment_hook('teleop_cpp', 'cmake_prefix_path')
[4.169s] INFO:colcon.colcon_core.shell:Creating environment hook '/home/alex/tritonai/software_intro_task/install/teleop_cpp/share/teleop_cpp/hook/cmake_prefix_path.ps1'
[4.169s] INFO:colcon.colcon_core.shell:Creating environment descriptor '/home/alex/tritonai/software_intro_task/install/teleop_cpp/share/teleop_cpp/hook/cmake_prefix_path.dsv'
[4.169s] INFO:colcon.colcon_core.shell:Creating environment hook '/home/alex/tritonai/software_intro_task/install/teleop_cpp/share/teleop_cpp/hook/cmake_prefix_path.sh'
[4.170s] Level 1:colcon.colcon_core.environment:checking '/home/alex/tritonai/software_intro_task/install/teleop_cpp/lib'
[4.170s] Level 1:colcon.colcon_core.shell:create_environment_hook('teleop_cpp', 'ld_library_path_lib')
[4.170s] INFO:colcon.colcon_core.shell:Creating environment hook '/home/alex/tritonai/software_intro_task/install/teleop_cpp/share/teleop_cpp/hook/ld_library_path_lib.ps1'
[4.170s] INFO:colcon.colcon_core.shell:Creating environment descriptor '/home/alex/tritonai/software_intro_task/install/teleop_cpp/share/teleop_cpp/hook/ld_library_path_lib.dsv'
[4.170s] INFO:colcon.colcon_core.shell:Creating environment hook '/home/alex/tritonai/software_intro_task/install/teleop_cpp/share/teleop_cpp/hook/ld_library_path_lib.sh'
[4.171s] Level 1:colcon.colcon_core.environment:checking '/home/alex/tritonai/software_intro_task/install/teleop_cpp/bin'
[4.171s] Level 1:colcon.colcon_core.environment:checking '/home/alex/tritonai/software_intro_task/install/teleop_cpp/lib/pkgconfig/teleop_cpp.pc'
[4.171s] Level 1:colcon.colcon_core.environment:checking '/home/alex/tritonai/software_intro_task/install/teleop_cpp/lib/python3.8/site-packages'
[4.171s] Level 1:colcon.colcon_core.environment:checking '/home/alex/tritonai/software_intro_task/install/teleop_cpp/bin'
[4.171s] INFO:colcon.colcon_core.shell:Creating package script '/home/alex/tritonai/software_intro_task/install/teleop_cpp/share/teleop_cpp/package.ps1'
[4.172s] INFO:colcon.colcon_core.shell:Creating package descriptor '/home/alex/tritonai/software_intro_task/install/teleop_cpp/share/teleop_cpp/package.dsv'
[4.172s] INFO:colcon.colcon_core.shell:Creating package script '/home/alex/tritonai/software_intro_task/install/teleop_cpp/share/teleop_cpp/package.sh'
[4.172s] INFO:colcon.colcon_core.shell:Creating package script '/home/alex/tritonai/software_intro_task/install/teleop_cpp/share/teleop_cpp/package.bash'
[4.172s] INFO:colcon.colcon_core.shell:Creating package script '/home/alex/tritonai/software_intro_task/install/teleop_cpp/share/teleop_cpp/package.zsh'
[4.173s] Level 1:colcon.colcon_core.environment:create_file_with_runtime_dependencies(/home/alex/tritonai/software_intro_task/install/teleop_cpp/share/colcon-core/packages/teleop_cpp)
[4.189s] Level 1:colcon.colcon_core.environment:create_environment_scripts_only(teleop_cpp)
[4.189s] Level 1:colcon.colcon_core.environment:checking '/home/alex/tritonai/software_intro_task/install/teleop_cpp' for CMake module files
[4.190s] Level 1:colcon.colcon_core.environment:checking '/home/alex/tritonai/software_intro_task/install/teleop_cpp' for CMake config files
[4.190s] Level 1:colcon.colcon_core.shell:create_environment_hook('teleop_cpp', 'cmake_prefix_path')
[4.190s] INFO:colcon.colcon_core.shell:Creating environment hook '/home/alex/tritonai/software_intro_task/install/teleop_cpp/share/teleop_cpp/hook/cmake_prefix_path.ps1'
[4.190s] INFO:colcon.colcon_core.shell:Creating environment descriptor '/home/alex/tritonai/software_intro_task/install/teleop_cpp/share/teleop_cpp/hook/cmake_prefix_path.dsv'
[4.190s] INFO:colcon.colcon_core.shell:Creating environment hook '/home/alex/tritonai/software_intro_task/install/teleop_cpp/share/teleop_cpp/hook/cmake_prefix_path.sh'
[4.191s] Level 1:colcon.colcon_core.environment:checking '/home/alex/tritonai/software_intro_task/install/teleop_cpp/lib'
[4.191s] Level 1:colcon.colcon_core.shell:create_environment_hook('teleop_cpp', 'ld_library_path_lib')
[4.191s] INFO:colcon.colcon_core.shell:Creating environment hook '/home/alex/tritonai/software_intro_task/install/teleop_cpp/share/teleop_cpp/hook/ld_library_path_lib.ps1'
[4.192s] INFO:colcon.colcon_core.shell:Creating environment descriptor '/home/alex/tritonai/software_intro_task/install/teleop_cpp/share/teleop_cpp/hook/ld_library_path_lib.dsv'
[4.192s] INFO:colcon.colcon_core.shell:Creating environment hook '/home/alex/tritonai/software_intro_task/install/teleop_cpp/share/teleop_cpp/hook/ld_library_path_lib.sh'
[4.192s] Level 1:colcon.colcon_core.environment:checking '/home/alex/tritonai/software_intro_task/install/teleop_cpp/bin'
[4.192s] Level 1:colcon.colcon_core.environment:checking '/home/alex/tritonai/software_intro_task/install/teleop_cpp/lib/pkgconfig/teleop_cpp.pc'
[4.192s] Level 1:colcon.colcon_core.environment:checking '/home/alex/tritonai/software_intro_task/install/teleop_cpp/lib/python3.8/site-packages'
[4.192s] Level 1:colcon.colcon_core.environment:checking '/home/alex/tritonai/software_intro_task/install/teleop_cpp/bin'
[4.193s] INFO:colcon.colcon_core.shell:Creating package script '/home/alex/tritonai/software_intro_task/install/teleop_cpp/share/teleop_cpp/package.ps1'
[4.193s] INFO:colcon.colcon_core.shell:Creating package descriptor '/home/alex/tritonai/software_intro_task/install/teleop_cpp/share/teleop_cpp/package.dsv'
[4.193s] INFO:colcon.colcon_core.shell:Creating package script '/home/alex/tritonai/software_intro_task/install/teleop_cpp/share/teleop_cpp/package.sh'
[4.194s] INFO:colcon.colcon_core.shell:Creating package script '/home/alex/tritonai/software_intro_task/install/teleop_cpp/share/teleop_cpp/package.bash'
[4.194s] INFO:colcon.colcon_core.shell:Creating package script '/home/alex/tritonai/software_intro_task/install/teleop_cpp/share/teleop_cpp/package.zsh'
[4.194s] Level 1:colcon.colcon_core.environment:create_file_with_runtime_dependencies(/home/alex/tritonai/software_intro_task/install/teleop_cpp/share/colcon-core/packages/teleop_cpp)
[4.194s] DEBUG:colcon.colcon_parallel_executor.executor.parallel:closing loop
[4.194s] DEBUG:colcon.colcon_parallel_executor.executor.parallel:loop closed
[4.194s] DEBUG:colcon.colcon_parallel_executor.executor.parallel:run_until_complete finished with '0'
[4.194s] DEBUG:colcon.colcon_core.event_reactor:joining thread
[4.200s] INFO:colcon.colcon_core.plugin_system:Skipping extension 'colcon_notification.desktop_notification.terminal_notifier': Not used on non-Darwin systems
[4.201s] INFO:colcon.colcon_core.plugin_system:Skipping extension 'colcon_notification.desktop_notification.win32': Not used on non-Windows systems
[4.201s] INFO:colcon.colcon_notification.desktop_notification:Sending desktop notification using 'notify2'
[4.214s] DEBUG:colcon.colcon_core.event_reactor:joined thread
[4.215s] INFO:colcon.colcon_core.shell:Creating prefix script '/home/alex/tritonai/software_intro_task/install/local_setup.ps1'
[4.216s] INFO:colcon.colcon_core.shell:Creating prefix util module '/home/alex/tritonai/software_intro_task/install/_local_setup_util_ps1.py'
[4.217s] INFO:colcon.colcon_core.shell:Creating prefix chain script '/home/alex/tritonai/software_intro_task/install/setup.ps1'
[4.218s] INFO:colcon.colcon_core.shell:Creating prefix script '/home/alex/tritonai/software_intro_task/install/local_setup.sh'
[4.219s] INFO:colcon.colcon_core.shell:Creating prefix util module '/home/alex/tritonai/software_intro_task/install/_local_setup_util_sh.py'
[4.219s] INFO:colcon.colcon_core.shell:Creating prefix chain script '/home/alex/tritonai/software_intro_task/install/setup.sh'
[4.220s] INFO:colcon.colcon_core.shell:Creating prefix script '/home/alex/tritonai/software_intro_task/install/local_setup.bash'
[4.220s] INFO:colcon.colcon_core.shell:Creating prefix chain script '/home/alex/tritonai/software_intro_task/install/setup.bash'
[4.221s] INFO:colcon.colcon_core.shell:Creating prefix script '/home/alex/tritonai/software_intro_task/install/local_setup.zsh'
[4.222s] INFO:colcon.colcon_core.shell:Creating prefix chain script '/home/alex/tritonai/software_intro_task/install/setup.zsh'
