-- The C compiler identification is GNU 9.4.0
-- The CXX compiler identification is GNU 9.4.0
-- Check for working C compiler: /usr/bin/cc
-- Check for working C compiler: /usr/bin/cc -- works
-- Detecting C compiler ABI info
-- Detecting C compiler ABI info - done
-- Detecting C compile features
-- Detecting C compile features - done
-- Check for working CXX compiler: /usr/bin/c++
-- Check for working CXX compiler: /usr/bin/c++ -- works
-- Detecting CXX compiler ABI info
-- Detecting CXX compiler ABI info - done
-- Detecting CXX compile features
-- Detecting CXX compile features - done
-- Found ament_cmake_auto: 1.1.5 (/opt/ros/galactic/share/ament_cmake_auto/cmake)
-- Found PythonInterp: /usr/bin/python3 (found suitable version "3.8.10", minimum required is "3") 
-- Using PYTHON_EXECUTABLE: /usr/bin/python3
-- Using all available rosidl_typesupport_c: rosidl_typesupport_fastrtps_c;rosidl_typesupport_introspection_c
-- Found rosidl_adapter: 2.2.2 (/opt/ros/galactic/share/rosidl_adapter/cmake)
-- Found OpenSSL: /usr/lib/x86_64-linux-gnu/libcrypto.so (found version "1.1.1f")  
-- Found FastRTPS: /opt/ros/galactic/include  
-- Using all available rosidl_typesupport_cpp: rosidl_typesupport_fastrtps_cpp;rosidl_typesupport_introspection_cpp
-- Found rmw_implementation_cmake: 3.3.1 (/opt/ros/galactic/share/rmw_implementation_cmake/cmake)
-- Found rmw_cyclonedds_cpp: 0.22.5 (/opt/ros/galactic/share/rmw_cyclonedds_cpp/cmake)
-- Using RMW implementation 'rmw_cyclonedds_cpp' as default
-- Looking for pthread.h
-- Looking for pthread.h - found
-- Performing Test CMAKE_HAVE_LIBC_PTHREAD
-- Performing Test CMAKE_HAVE_LIBC_PTHREAD - Failed
-- Looking for pthread_create in pthreads
-- Looking for pthread_create in pthreads - not found
-- Looking for pthread_create in pthread
-- Looking for pthread_create in pthread - found
-- Found Threads: TRUE  
-- Configuring done
-- Generating done
-- Build files have been written to: /home/alex/tritonai/software_intro_task/build/teleop_cpp
[35m[1mScanning dependencies of target teleop_cpp[0m
[35m[1mScanning dependencies of target teleop_cpp_node_exe[0m
[ 16%] [32mBuilding CXX object CMakeFiles/teleop_cpp.dir/src/teleop_cpp.cpp.o[0m
[ 33%] [32mBuilding CXX object CMakeFiles/teleop_cpp_node_exe.dir/rclcpp_components/node_main_teleop_cpp_node_exe.cpp.o[0m
[ 50%] [32m[1mLinking CXX shared library libteleop_cpp.so[0m
[ 50%] Built target teleop_cpp
[35m[1mScanning dependencies of target teleop_cpp_node[0m
[ 66%] [32mBuilding CXX object CMakeFiles/teleop_cpp_node.dir/src/teleop_cpp_node.cpp.o[0m
[ 83%] [32m[1mLinking CXX executable teleop_cpp_node_exe[0m
[ 83%] Built target teleop_cpp_node_exe
[100%] [32m[1mLinking CXX shared library libteleop_cpp_node.so[0m
[100%] Built target teleop_cpp_node
-- Install configuration: ""
-- Installing: /home/alex/tritonai/software_intro_task/install/teleop_cpp/lib/teleop_cpp/teleop_cpp_node_exe
-- Set runtime path of "/home/alex/tritonai/software_intro_task/install/teleop_cpp/lib/teleop_cpp/teleop_cpp_node_exe" to ""
-- Installing: /home/alex/tritonai/software_intro_task/install/teleop_cpp/include
-- Installing: /home/alex/tritonai/software_intro_task/install/teleop_cpp/include/teleop_cpp
-- Installing: /home/alex/tritonai/software_intro_task/install/teleop_cpp/include/teleop_cpp/visibility_control.hpp
-- Installing: /home/alex/tritonai/software_intro_task/install/teleop_cpp/include/teleop_cpp/teleop_cpp_node.hpp
-- Installing: /home/alex/tritonai/software_intro_task/install/teleop_cpp/include/teleop_cpp/teleop_cpp.hpp
-- Installing: /home/alex/tritonai/software_intro_task/install/teleop_cpp/share/teleop_cpp/environment/library_path.sh
-- Installing: /home/alex/tritonai/software_intro_task/install/teleop_cpp/share/teleop_cpp/environment/library_path.dsv
-- Installing: /home/alex/tritonai/software_intro_task/install/teleop_cpp/lib/libteleop_cpp.so
-- Set runtime path of "/home/alex/tritonai/software_intro_task/install/teleop_cpp/lib/libteleop_cpp.so" to ""
-- Installing: /home/alex/tritonai/software_intro_task/install/teleop_cpp/lib/libteleop_cpp_node.so
-- Set runtime path of "/home/alex/tritonai/software_intro_task/install/teleop_cpp/lib/libteleop_cpp_node.so" to ""
-- Installing: /home/alex/tritonai/software_intro_task/install/teleop_cpp/share/teleop_cpp/param
-- Installing: /home/alex/tritonai/software_intro_task/install/teleop_cpp/share/teleop_cpp/param/teleop_cpp.yaml
-- Installing: /home/alex/tritonai/software_intro_task/install/teleop_cpp/share/teleop_cpp/launch
-- Installing: /home/alex/tritonai/software_intro_task/install/teleop_cpp/share/teleop_cpp/launch/teleop_cpp.launch.py
-- Installing: /home/alex/tritonai/software_intro_task/install/teleop_cpp/share/ament_index/resource_index/package_run_dependencies/teleop_cpp
-- Installing: /home/alex/tritonai/software_intro_task/install/teleop_cpp/share/ament_index/resource_index/parent_prefix_path/teleop_cpp
-- Installing: /home/alex/tritonai/software_intro_task/install/teleop_cpp/share/teleop_cpp/environment/ament_prefix_path.sh
-- Installing: /home/alex/tritonai/software_intro_task/install/teleop_cpp/share/teleop_cpp/environment/ament_prefix_path.dsv
-- Installing: /home/alex/tritonai/software_intro_task/install/teleop_cpp/share/teleop_cpp/environment/path.sh
-- Installing: /home/alex/tritonai/software_intro_task/install/teleop_cpp/share/teleop_cpp/environment/path.dsv
-- Installing: /home/alex/tritonai/software_intro_task/install/teleop_cpp/share/teleop_cpp/local_setup.bash
-- Installing: /home/alex/tritonai/software_intro_task/install/teleop_cpp/share/teleop_cpp/local_setup.sh
-- Installing: /home/alex/tritonai/software_intro_task/install/teleop_cpp/share/teleop_cpp/local_setup.zsh
-- Installing: /home/alex/tritonai/software_intro_task/install/teleop_cpp/share/teleop_cpp/local_setup.dsv
-- Installing: /home/alex/tritonai/software_intro_task/install/teleop_cpp/share/teleop_cpp/package.dsv
-- Installing: /home/alex/tritonai/software_intro_task/install/teleop_cpp/share/ament_index/resource_index/packages/teleop_cpp
-- Installing: /home/alex/tritonai/software_intro_task/install/teleop_cpp/share/ament_index/resource_index/rclcpp_components/teleop_cpp
-- Installing: /home/alex/tritonai/software_intro_task/install/teleop_cpp/share/teleop_cpp/cmake/ament_cmake_export_dependencies-extras.cmake
-- Installing: /home/alex/tritonai/software_intro_task/install/teleop_cpp/share/teleop_cpp/cmake/ament_cmake_export_include_directories-extras.cmake
-- Installing: /home/alex/tritonai/software_intro_task/install/teleop_cpp/share/teleop_cpp/cmake/ament_cmake_export_libraries-extras.cmake
-- Installing: /home/alex/tritonai/software_intro_task/install/teleop_cpp/share/teleop_cpp/cmake/teleop_cppConfig.cmake
-- Installing: /home/alex/tritonai/software_intro_task/install/teleop_cpp/share/teleop_cpp/cmake/teleop_cppConfig-version.cmake
-- Installing: /home/alex/tritonai/software_intro_task/install/teleop_cpp/share/teleop_cpp/package.xml
