[0.016s] Invoking command in '/home/alex/tritonai/software_intro_task/build/teleop_msgs': CMAKE_PREFIX_PATH=/opt/ros/galactic /usr/bin/cmake /home/alex/tritonai/software_intro_task/teleop_msgs -DCMAKE_INSTALL_PREFIX=/home/alex/tritonai/software_intro_task/install/teleop_msgs
[0.206s] -- The C compiler identification is GNU 9.4.0
[0.346s] -- The CXX compiler identification is GNU 9.4.0
[0.359s] -- Check for working C compiler: /usr/bin/cc
[0.412s] -- Check for working C compiler: /usr/bin/cc -- works
[0.413s] -- Detecting C compiler ABI info
[0.457s] -- Detecting C compiler ABI info - done
[0.465s] -- Detecting C compile features
[0.466s] -- Detecting C compile features - done
[0.469s] -- Check for working CXX compiler: /usr/bin/c++
[0.517s] -- Check for working CXX compiler: /usr/bin/c++ -- works
[0.518s] -- Detecting CXX compiler ABI info
[0.568s] -- Detecting CXX compiler ABI info - done
[0.577s] -- Detecting CXX compile features
[0.577s] -- Detecting CXX compile features - done
[0.579s] -- Found ament_cmake_auto: 1.1.5 (/opt/ros/galactic/share/ament_cmake_auto/cmake)
[0.601s] -- Found PythonInterp: /usr/bin/python3 (found suitable version "3.8.10", minimum required is "3") 
[0.601s] -- Using PYTHON_EXECUTABLE: /usr/bin/python3
[0.760s] -- Using all available rosidl_typesupport_c: rosidl_typesupport_fastrtps_c;rosidl_typesupport_introspection_c
[0.767s] -- Found rosidl_adapter: 2.2.2 (/opt/ros/galactic/share/rosidl_adapter/cmake)
[0.822s] -- Found OpenSSL: /usr/lib/x86_64-linux-gnu/libcrypto.so (found version "1.1.1f")  
[0.842s] -- Found FastRTPS: /opt/ros/galactic/include  
[0.903s] -- Using all available rosidl_typesupport_cpp: rosidl_typesupport_fastrtps_cpp;rosidl_typesupport_introspection_cpp
[0.957s] -- Found rmw_implementation_cmake: 3.3.1 (/opt/ros/galactic/share/rmw_implementation_cmake/cmake)
[0.960s] -- Found rmw_cyclonedds_cpp: 0.22.5 (/opt/ros/galactic/share/rmw_cyclonedds_cpp/cmake)
[0.977s] -- Using RMW implementation 'rmw_cyclonedds_cpp' as default
[0.978s] -- Looking for pthread.h
[1.052s] -- Looking for pthread.h - found
[1.053s] -- Performing Test CMAKE_HAVE_LIBC_PTHREAD
[1.098s] -- Performing Test CMAKE_HAVE_LIBC_PTHREAD - Failed
[1.098s] -- Looking for pthread_create in pthreads
[1.135s] -- Looking for pthread_create in pthreads - not found
[1.135s] -- Looking for pthread_create in pthread
[1.177s] -- Looking for pthread_create in pthread - found
[1.178s] -- Found Threads: TRUE  
[1.342s] -- Found ament_lint_auto: 0.10.7 (/opt/ros/galactic/share/ament_lint_auto/cmake)
[1.360s] -- Added test 'copyright' to check source files copyright and LICENSE
[1.368s] -- Added test 'lint_cmake' to check CMake code style
[1.370s] -- Added test 'xmllint' to check XML markup files
[1.376s] -- Configuring done
[1.379s] -- Generating done
[1.381s] -- Build files have been written to: /home/alex/tritonai/software_intro_task/build/teleop_msgs
[1.386s] Invoked command in '/home/alex/tritonai/software_intro_task/build/teleop_msgs' returned '0': CMAKE_PREFIX_PATH=/opt/ros/galactic /usr/bin/cmake /home/alex/tritonai/software_intro_task/teleop_msgs -DCMAKE_INSTALL_PREFIX=/home/alex/tritonai/software_intro_task/install/teleop_msgs
[1.388s] Invoking command in '/home/alex/tritonai/software_intro_task/build/teleop_msgs': CMAKE_PREFIX_PATH=/opt/ros/galactic /usr/bin/cmake --build /home/alex/tritonai/software_intro_task/build/teleop_msgs -- -j8 -l8
[1.413s] Invoked command in '/home/alex/tritonai/software_intro_task/build/teleop_msgs' returned '0': CMAKE_PREFIX_PATH=/opt/ros/galactic /usr/bin/cmake --build /home/alex/tritonai/software_intro_task/build/teleop_msgs -- -j8 -l8
[1.433s] Invoking command in '/home/alex/tritonai/software_intro_task/build/teleop_msgs': CMAKE_PREFIX_PATH=/opt/ros/galactic /usr/bin/cmake --install /home/alex/tritonai/software_intro_task/build/teleop_msgs
[1.438s] -- Install configuration: ""
[1.438s] -- Installing: /home/alex/tritonai/software_intro_task/install/teleop_msgs/share/ament_index/resource_index/package_run_dependencies/teleop_msgs
[1.438s] -- Installing: /home/alex/tritonai/software_intro_task/install/teleop_msgs/share/ament_index/resource_index/parent_prefix_path/teleop_msgs
[1.439s] -- Installing: /home/alex/tritonai/software_intro_task/install/teleop_msgs/share/teleop_msgs/environment/ament_prefix_path.sh
[1.439s] -- Installing: /home/alex/tritonai/software_intro_task/install/teleop_msgs/share/teleop_msgs/environment/ament_prefix_path.dsv
[1.439s] -- Installing: /home/alex/tritonai/software_intro_task/install/teleop_msgs/share/teleop_msgs/environment/path.sh
[1.439s] -- Installing: /home/alex/tritonai/software_intro_task/install/teleop_msgs/share/teleop_msgs/environment/path.dsv
[1.439s] -- Installing: /home/alex/tritonai/software_intro_task/install/teleop_msgs/share/teleop_msgs/local_setup.bash
[1.439s] -- Installing: /home/alex/tritonai/software_intro_task/install/teleop_msgs/share/teleop_msgs/local_setup.sh
[1.439s] -- Installing: /home/alex/tritonai/software_intro_task/install/teleop_msgs/share/teleop_msgs/local_setup.zsh
[1.439s] -- Installing: /home/alex/tritonai/software_intro_task/install/teleop_msgs/share/teleop_msgs/local_setup.dsv
[1.439s] -- Installing: /home/alex/tritonai/software_intro_task/install/teleop_msgs/share/teleop_msgs/package.dsv
[1.439s] -- Installing: /home/alex/tritonai/software_intro_task/install/teleop_msgs/share/ament_index/resource_index/packages/teleop_msgs
[1.439s] -- Installing: /home/alex/tritonai/software_intro_task/install/teleop_msgs/share/teleop_msgs/cmake/ament_cmake_export_dependencies-extras.cmake
[1.440s] -- Installing: /home/alex/tritonai/software_intro_task/install/teleop_msgs/share/teleop_msgs/cmake/teleop_msgsConfig.cmake
[1.440s] -- Installing: /home/alex/tritonai/software_intro_task/install/teleop_msgs/share/teleop_msgs/cmake/teleop_msgsConfig-version.cmake
[1.440s] -- Installing: /home/alex/tritonai/software_intro_task/install/teleop_msgs/share/teleop_msgs/package.xml
[1.442s] Invoked command in '/home/alex/tritonai/software_intro_task/build/teleop_msgs' returned '0': CMAKE_PREFIX_PATH=/opt/ros/galactic /usr/bin/cmake --install /home/alex/tritonai/software_intro_task/build/teleop_msgs
