[0.438s] Invoking command in '/home/alex/tritonai/software_intro_task/teleop_py': PYTHONPATH=/home/alex/tritonai/software_intro_task/teleop_py/build/teleop_py/prefix_override:/home/alex/tritonai/software_intro_task/teleop_py/install/teleop_py/lib/python3.8/site-packages:${PYTHONPATH} /usr/bin/python3 setup.py egg_info --egg-base build/teleop_py build --build-base /home/alex/tritonai/software_intro_task/teleop_py/build/teleop_py/build install --record /home/alex/tritonai/software_intro_task/teleop_py/build/teleop_py/install.log --single-version-externally-managed
[0.600s] running egg_info
[0.600s] creating build/teleop_py/teleop_py.egg-info
[0.600s] writing build/teleop_py/teleop_py.egg-info/PKG-INFO
[0.601s] writing dependency_links to build/teleop_py/teleop_py.egg-info/dependency_links.txt
[0.601s] writing entry points to build/teleop_py/teleop_py.egg-info/entry_points.txt
[0.601s] writing requirements to build/teleop_py/teleop_py.egg-info/requires.txt
[0.601s] writing top-level names to build/teleop_py/teleop_py.egg-info/top_level.txt
[0.601s] writing manifest file 'build/teleop_py/teleop_py.egg-info/SOURCES.txt'
[0.625s] reading manifest file 'build/teleop_py/teleop_py.egg-info/SOURCES.txt'
[0.626s] writing manifest file 'build/teleop_py/teleop_py.egg-info/SOURCES.txt'
[0.626s] running build
[0.626s] running build_py
[0.626s] creating /home/alex/tritonai/software_intro_task/teleop_py/build/teleop_py/build
[0.626s] creating /home/alex/tritonai/software_intro_task/teleop_py/build/teleop_py/build/lib
[0.626s] creating /home/alex/tritonai/software_intro_task/teleop_py/build/teleop_py/build/lib/teleop_py
[0.626s] copying teleop_py/__init__.py -> /home/alex/tritonai/software_intro_task/teleop_py/build/teleop_py/build/lib/teleop_py
[0.626s] copying teleop_py/teleop_py_node.py -> /home/alex/tritonai/software_intro_task/teleop_py/build/teleop_py/build/lib/teleop_py
[0.626s] copying teleop_py/teleop_py.py -> /home/alex/tritonai/software_intro_task/teleop_py/build/teleop_py/build/lib/teleop_py
[0.626s] running install
[0.627s] running install_lib
[0.627s] creating /home/alex/tritonai/software_intro_task/teleop_py/install/teleop_py/lib/python3.8/site-packages/teleop_py
[0.628s] copying /home/alex/tritonai/software_intro_task/teleop_py/build/teleop_py/build/lib/teleop_py/__init__.py -> /home/alex/tritonai/software_intro_task/teleop_py/install/teleop_py/lib/python3.8/site-packages/teleop_py
[0.628s] copying /home/alex/tritonai/software_intro_task/teleop_py/build/teleop_py/build/lib/teleop_py/teleop_py_node.py -> /home/alex/tritonai/software_intro_task/teleop_py/install/teleop_py/lib/python3.8/site-packages/teleop_py
[0.628s] copying /home/alex/tritonai/software_intro_task/teleop_py/build/teleop_py/build/lib/teleop_py/teleop_py.py -> /home/alex/tritonai/software_intro_task/teleop_py/install/teleop_py/lib/python3.8/site-packages/teleop_py
[0.628s] byte-compiling /home/alex/tritonai/software_intro_task/teleop_py/install/teleop_py/lib/python3.8/site-packages/teleop_py/__init__.py to __init__.cpython-38.pyc
[0.629s] byte-compiling /home/alex/tritonai/software_intro_task/teleop_py/install/teleop_py/lib/python3.8/site-packages/teleop_py/teleop_py_node.py to teleop_py_node.cpython-38.pyc
[0.629s] byte-compiling /home/alex/tritonai/software_intro_task/teleop_py/install/teleop_py/lib/python3.8/site-packages/teleop_py/teleop_py.py to teleop_py.cpython-38.pyc
[0.629s] running install_data
[0.629s] creating /home/alex/tritonai/software_intro_task/teleop_py/install/teleop_py/share/ament_index
[0.629s] creating /home/alex/tritonai/software_intro_task/teleop_py/install/teleop_py/share/ament_index/resource_index
[0.629s] creating /home/alex/tritonai/software_intro_task/teleop_py/install/teleop_py/share/ament_index/resource_index/packages
[0.629s] copying resource/teleop_py -> /home/alex/tritonai/software_intro_task/teleop_py/install/teleop_py/share/ament_index/resource_index/packages
[0.630s] copying package.xml -> /home/alex/tritonai/software_intro_task/teleop_py/install/teleop_py/share/teleop_py
[0.630s] creating /home/alex/tritonai/software_intro_task/teleop_py/install/teleop_py/share/teleop_py/launch
[0.630s] copying launch/teleop_py.launch.py -> /home/alex/tritonai/software_intro_task/teleop_py/install/teleop_py/share/teleop_py/launch
[0.630s] creating /home/alex/tritonai/software_intro_task/teleop_py/install/teleop_py/share/teleop_py/param
[0.630s] copying param/teleop_py.yaml -> /home/alex/tritonai/software_intro_task/teleop_py/install/teleop_py/share/teleop_py/param
[0.630s] running install_egg_info
[0.631s] Copying build/teleop_py/teleop_py.egg-info to /home/alex/tritonai/software_intro_task/teleop_py/install/teleop_py/lib/python3.8/site-packages/teleop_py-1.0.0-py3.8.egg-info
[0.631s] running install_scripts
[0.643s] Installing teleop_py_node_exe script to /home/alex/tritonai/software_intro_task/teleop_py/install/teleop_py/lib/teleop_py
[0.644s] writing list of installed files to '/home/alex/tritonai/software_intro_task/teleop_py/build/teleop_py/install.log'
[0.660s] Invoked command in '/home/alex/tritonai/software_intro_task/teleop_py' returned '0': PYTHONPATH=/home/alex/tritonai/software_intro_task/teleop_py/build/teleop_py/prefix_override:/home/alex/tritonai/software_intro_task/teleop_py/install/teleop_py/lib/python3.8/site-packages:${PYTHONPATH} /usr/bin/python3 setup.py egg_info --egg-base build/teleop_py build --build-base /home/alex/tritonai/software_intro_task/teleop_py/build/teleop_py/build install --record /home/alex/tritonai/software_intro_task/teleop_py/build/teleop_py/install.log --single-version-externally-managed
