[0.118s] DEBUG:colcon:Command line arguments: ['/usr/bin/colcon', 'build']
[0.118s] DEBUG:colcon:Parsed command line arguments: Namespace(allow_overriding=[], ament_cmake_args=None, base_paths=['.'], build_base='build', catkin_cmake_args=None, catkin_skip_building_tests=False, cmake_args=None, cmake_clean_cache=False, cmake_clean_first=False, cmake_force_configure=False, cmake_target=None, cmake_target_skip_unavailable=False, continue_on_error=False, event_handlers=None, executor='parallel', ignore_user_meta=False, install_base='install', log_base=None, log_level=None, main=<bound method BuildVerb.main of <colcon_core.verb.build.BuildVerb object at 0x7f9484fbceb0>>, merge_install=False, metas=['./colcon.meta'], packages_above=None, packages_above_and_dependencies=None, packages_above_depth=None, packages_end=None, packages_ignore=None, packages_ignore_regex=None, packages_select=None, packages_select_build_failed=False, packages_select_by_dep=None, packages_select_regex=None, packages_select_test_failures=False, packages_skip=None, packages_skip_build_finished=False, packages_skip_by_dep=None, packages_skip_regex=None, packages_skip_test_passed=False, packages_skip_up_to=None, packages_start=None, packages_up_to=None, packages_up_to_regex=None, parallel_workers=8, paths=None, symlink_install=False, test_result_base=None, verb_extension=<colcon_core.verb.build.BuildVerb object at 0x7f9484fbceb0>, verb_name='build', verb_parser=<colcon_defaults.argument_parser.defaults.DefaultArgumentsDecorator object at 0x7f9484fc5460>)
[0.180s] Level 1:colcon.colcon_core.package_discovery:discover_packages(colcon_meta) check parameters
[0.180s] Level 1:colcon.colcon_core.package_discovery:discover_packages(recursive) check parameters
[0.180s] Level 1:colcon.colcon_core.package_discovery:discover_packages(ignore) check parameters
[0.180s] Level 1:colcon.colcon_core.package_discovery:discover_packages(path) check parameters
[0.180s] Level 1:colcon.colcon_core.package_discovery:discover_packages(colcon_meta) discover
[0.180s] Level 1:colcon.colcon_core.package_discovery:discover_packages(recursive) discover
[0.180s] INFO:colcon.colcon_core.package_discovery:Crawling recursively for packages in '/home/alex/tritonai/software_intro_task'
[0.180s] Level 1:colcon.colcon_core.package_identification:_identify(.) by extensions ['ignore', 'ignore_ament_install']
[0.180s] Level 1:colcon.colcon_core.package_identification:_identify(.) by extension 'ignore'
[0.181s] Level 1:colcon.colcon_core.package_identification:_identify(.) by extension 'ignore_ament_install'
[0.181s] Level 1:colcon.colcon_core.package_identification:_identify(.) by extensions ['colcon_pkg']
[0.181s] Level 1:colcon.colcon_core.package_identification:_identify(.) by extension 'colcon_pkg'
[0.181s] Level 1:colcon.colcon_core.package_identification:_identify(.) by extensions ['colcon_meta']
[0.181s] Level 1:colcon.colcon_core.package_identification:_identify(.) by extension 'colcon_meta'
[0.181s] Level 1:colcon.colcon_core.package_identification:_identify(.) by extensions ['ros']
[0.181s] Level 1:colcon.colcon_core.package_identification:_identify(.) by extension 'ros'
[0.216s] Level 1:colcon.colcon_core.package_identification:_identify(.) by extensions ['cmake', 'python']
[0.216s] Level 1:colcon.colcon_core.package_identification:_identify(.) by extension 'cmake'
[0.216s] Level 1:colcon.colcon_core.package_identification:_identify(.) by extension 'python'
[0.216s] Level 1:colcon.colcon_core.package_identification:_identify(.) by extensions ['python_setup_py']
[0.216s] Level 1:colcon.colcon_core.package_identification:_identify(.) by extension 'python_setup_py'
[0.216s] Level 1:colcon.colcon_core.package_identification:_identify(build) by extensions ['ignore', 'ignore_ament_install']
[0.216s] Level 1:colcon.colcon_core.package_identification:_identify(build) by extension 'ignore'
[0.216s] Level 1:colcon.colcon_core.package_identification:_identify(build) ignored
[0.216s] Level 1:colcon.colcon_core.package_identification:_identify(install) by extensions ['ignore', 'ignore_ament_install']
[0.216s] Level 1:colcon.colcon_core.package_identification:_identify(install) by extension 'ignore'
[0.217s] Level 1:colcon.colcon_core.package_identification:_identify(install) ignored
[0.217s] Level 1:colcon.colcon_core.package_identification:_identify(log) by extensions ['ignore', 'ignore_ament_install']
[0.217s] Level 1:colcon.colcon_core.package_identification:_identify(log) by extension 'ignore'
[0.217s] Level 1:colcon.colcon_core.package_identification:_identify(log) ignored
[0.217s] Level 1:colcon.colcon_core.package_identification:_identify(teleop_cpp) by extensions ['ignore', 'ignore_ament_install']
[0.217s] Level 1:colcon.colcon_core.package_identification:_identify(teleop_cpp) by extension 'ignore'
[0.217s] Level 1:colcon.colcon_core.package_identification:_identify(teleop_cpp) by extension 'ignore_ament_install'
[0.217s] Level 1:colcon.colcon_core.package_identification:_identify(teleop_cpp) by extensions ['colcon_pkg']
[0.217s] Level 1:colcon.colcon_core.package_identification:_identify(teleop_cpp) by extension 'colcon_pkg'
[0.217s] Level 1:colcon.colcon_core.package_identification:_identify(teleop_cpp) by extensions ['colcon_meta']
[0.217s] Level 1:colcon.colcon_core.package_identification:_identify(teleop_cpp) by extension 'colcon_meta'
[0.217s] Level 1:colcon.colcon_core.package_identification:_identify(teleop_cpp) by extensions ['ros']
[0.217s] Level 1:colcon.colcon_core.package_identification:_identify(teleop_cpp) by extension 'ros'
[0.231s] DEBUG:colcon.colcon_core.package_identification:Package 'teleop_cpp' with type 'ros.ament_cmake' and name 'teleop_cpp'
[0.231s] Level 1:colcon.colcon_core.package_identification:_identify(teleop_msgs) by extensions ['ignore', 'ignore_ament_install']
[0.231s] Level 1:colcon.colcon_core.package_identification:_identify(teleop_msgs) by extension 'ignore'
[0.231s] Level 1:colcon.colcon_core.package_identification:_identify(teleop_msgs) by extension 'ignore_ament_install'
[0.231s] Level 1:colcon.colcon_core.package_identification:_identify(teleop_msgs) by extensions ['colcon_pkg']
[0.231s] Level 1:colcon.colcon_core.package_identification:_identify(teleop_msgs) by extension 'colcon_pkg'
[0.231s] Level 1:colcon.colcon_core.package_identification:_identify(teleop_msgs) by extensions ['colcon_meta']
[0.231s] Level 1:colcon.colcon_core.package_identification:_identify(teleop_msgs) by extension 'colcon_meta'
[0.231s] Level 1:colcon.colcon_core.package_identification:_identify(teleop_msgs) by extensions ['ros']
[0.231s] Level 1:colcon.colcon_core.package_identification:_identify(teleop_msgs) by extension 'ros'
[0.239s] DEBUG:colcon.colcon_core.package_identification:Package 'teleop_msgs' with type 'ros.ament_cmake' and name 'teleop_msgs'
[0.240s] Level 1:colcon.colcon_core.package_identification:_identify(teleop_py) by extensions ['ignore', 'ignore_ament_install']
[0.240s] Level 1:colcon.colcon_core.package_identification:_identify(teleop_py) by extension 'ignore'
[0.240s] Level 1:colcon.colcon_core.package_identification:_identify(teleop_py) by extension 'ignore_ament_install'
[0.241s] Level 1:colcon.colcon_core.package_identification:_identify(teleop_py) by extensions ['colcon_pkg']
[0.241s] Level 1:colcon.colcon_core.package_identification:_identify(teleop_py) by extension 'colcon_pkg'
[0.241s] Level 1:colcon.colcon_core.package_identification:_identify(teleop_py) by extensions ['colcon_meta']
[0.241s] Level 1:colcon.colcon_core.package_identification:_identify(teleop_py) by extension 'colcon_meta'
[0.241s] Level 1:colcon.colcon_core.package_identification:_identify(teleop_py) by extensions ['ros']
[0.242s] Level 1:colcon.colcon_core.package_identification:_identify(teleop_py) by extension 'ros'
[0.244s] DEBUG:colcon.colcon_core.package_identification:Package 'teleop_py' with type 'ros.ament_python' and name 'teleop_py'
[0.244s] Level 1:colcon.colcon_core.package_discovery:discover_packages(recursive) using defaults
[0.244s] Level 1:colcon.colcon_core.package_discovery:discover_packages(ignore) discover
[0.245s] Level 1:colcon.colcon_core.package_discovery:discover_packages(ignore) using defaults
[0.245s] Level 1:colcon.colcon_core.package_discovery:discover_packages(path) discover
[0.245s] Level 1:colcon.colcon_core.package_discovery:discover_packages(path) using defaults
[0.283s] Level 1:colcon.colcon_core.package_discovery:discover_packages(prefix_path) check parameters
[0.283s] Level 1:colcon.colcon_core.package_discovery:discover_packages(prefix_path) discover
[0.287s] DEBUG:colcon.colcon_installed_package_information.package_discovery:Found 270 installed packages in /opt/ros/galactic
[0.289s] Level 1:colcon.colcon_core.package_discovery:discover_packages(prefix_path) using defaults
[0.353s] Level 5:colcon.colcon_core.verb:set package 'teleop_cpp' build argument 'cmake_args' from command line to 'None'
[0.353s] Level 5:colcon.colcon_core.verb:set package 'teleop_cpp' build argument 'cmake_target' from command line to 'None'
[0.353s] Level 5:colcon.colcon_core.verb:set package 'teleop_cpp' build argument 'cmake_target_skip_unavailable' from command line to 'False'
[0.353s] Level 5:colcon.colcon_core.verb:set package 'teleop_cpp' build argument 'cmake_clean_cache' from command line to 'False'
[0.353s] Level 5:colcon.colcon_core.verb:set package 'teleop_cpp' build argument 'cmake_clean_first' from command line to 'False'
[0.353s] Level 5:colcon.colcon_core.verb:set package 'teleop_cpp' build argument 'cmake_force_configure' from command line to 'False'
[0.353s] Level 5:colcon.colcon_core.verb:set package 'teleop_cpp' build argument 'ament_cmake_args' from command line to 'None'
[0.353s] Level 5:colcon.colcon_core.verb:set package 'teleop_cpp' build argument 'catkin_cmake_args' from command line to 'None'
[0.353s] Level 5:colcon.colcon_core.verb:set package 'teleop_cpp' build argument 'catkin_skip_building_tests' from command line to 'False'
[0.353s] DEBUG:colcon.colcon_core.verb:Building package 'teleop_cpp' with the following arguments: {'ament_cmake_args': None, 'build_base': '/home/alex/tritonai/software_intro_task/build/teleop_cpp', 'catkin_cmake_args': None, 'catkin_skip_building_tests': False, 'cmake_args': None, 'cmake_clean_cache': False, 'cmake_clean_first': False, 'cmake_force_configure': False, 'cmake_target': None, 'cmake_target_skip_unavailable': False, 'install_base': '/home/alex/tritonai/software_intro_task/install/teleop_cpp', 'merge_install': False, 'path': '/home/alex/tritonai/software_intro_task/teleop_cpp', 'symlink_install': False, 'test_result_base': None}
[0.354s] Level 5:colcon.colcon_core.verb:set package 'teleop_msgs' build argument 'cmake_args' from command line to 'None'
[0.354s] Level 5:colcon.colcon_core.verb:set package 'teleop_msgs' build argument 'cmake_target' from command line to 'None'
[0.354s] Level 5:colcon.colcon_core.verb:set package 'teleop_msgs' build argument 'cmake_target_skip_unavailable' from command line to 'False'
[0.354s] Level 5:colcon.colcon_core.verb:set package 'teleop_msgs' build argument 'cmake_clean_cache' from command line to 'False'
[0.354s] Level 5:colcon.colcon_core.verb:set package 'teleop_msgs' build argument 'cmake_clean_first' from command line to 'False'
[0.354s] Level 5:colcon.colcon_core.verb:set package 'teleop_msgs' build argument 'cmake_force_configure' from command line to 'False'
[0.354s] Level 5:colcon.colcon_core.verb:set package 'teleop_msgs' build argument 'ament_cmake_args' from command line to 'None'
[0.354s] Level 5:colcon.colcon_core.verb:set package 'teleop_msgs' build argument 'catkin_cmake_args' from command line to 'None'
[0.354s] Level 5:colcon.colcon_core.verb:set package 'teleop_msgs' build argument 'catkin_skip_building_tests' from command line to 'False'
[0.354s] DEBUG:colcon.colcon_core.verb:Building package 'teleop_msgs' with the following arguments: {'ament_cmake_args': None, 'build_base': '/home/alex/tritonai/software_intro_task/build/teleop_msgs', 'catkin_cmake_args': None, 'catkin_skip_building_tests': False, 'cmake_args': None, 'cmake_clean_cache': False, 'cmake_clean_first': False, 'cmake_force_configure': False, 'cmake_target': None, 'cmake_target_skip_unavailable': False, 'install_base': '/home/alex/tritonai/software_intro_task/install/teleop_msgs', 'merge_install': False, 'path': '/home/alex/tritonai/software_intro_task/teleop_msgs', 'symlink_install': False, 'test_result_base': None}
[0.355s] Level 5:colcon.colcon_core.verb:set package 'teleop_py' build argument 'cmake_args' from command line to 'None'
[0.355s] Level 5:colcon.colcon_core.verb:set package 'teleop_py' build argument 'cmake_target' from command line to 'None'
[0.355s] Level 5:colcon.colcon_core.verb:set package 'teleop_py' build argument 'cmake_target_skip_unavailable' from command line to 'False'
[0.355s] Level 5:colcon.colcon_core.verb:set package 'teleop_py' build argument 'cmake_clean_cache' from command line to 'False'
[0.355s] Level 5:colcon.colcon_core.verb:set package 'teleop_py' build argument 'cmake_clean_first' from command line to 'False'
[0.355s] Level 5:colcon.colcon_core.verb:set package 'teleop_py' build argument 'cmake_force_configure' from command line to 'False'
[0.355s] Level 5:colcon.colcon_core.verb:set package 'teleop_py' build argument 'ament_cmake_args' from command line to 'None'
[0.355s] Level 5:colcon.colcon_core.verb:set package 'teleop_py' build argument 'catkin_cmake_args' from command line to 'None'
[0.355s] Level 5:colcon.colcon_core.verb:set package 'teleop_py' build argument 'catkin_skip_building_tests' from command line to 'False'
[0.355s] DEBUG:colcon.colcon_core.verb:Building package 'teleop_py' with the following arguments: {'ament_cmake_args': None, 'build_base': '/home/alex/tritonai/software_intro_task/build/teleop_py', 'catkin_cmake_args': None, 'catkin_skip_building_tests': False, 'cmake_args': None, 'cmake_clean_cache': False, 'cmake_clean_first': False, 'cmake_force_configure': False, 'cmake_target': None, 'cmake_target_skip_unavailable': False, 'install_base': '/home/alex/tritonai/software_intro_task/install/teleop_py', 'merge_install': False, 'path': '/home/alex/tritonai/software_intro_task/teleop_py', 'symlink_install': False, 'test_result_base': None}
[0.356s] INFO:colcon.colcon_core.executor:Executing jobs using 'parallel' executor
[0.359s] DEBUG:colcon.colcon_parallel_executor.executor.parallel:run_until_complete
[0.359s] INFO:colcon.colcon_ros.task.ament_cmake.build:Building ROS package in '/home/alex/tritonai/software_intro_task/teleop_cpp' with build type 'ament_cmake'
[0.359s] INFO:colcon.colcon_cmake.task.cmake.build:Building CMake package in '/home/alex/tritonai/software_intro_task/teleop_cpp'
[0.363s] INFO:colcon.colcon_core.plugin_system:Skipping extension 'colcon_core.shell.bat': Not used on non-Windows systems
[0.363s] INFO:colcon.colcon_core.shell:Skip shell extension 'powershell' for command environment: Not usable outside of PowerShell
[0.363s] DEBUG:colcon.colcon_core.shell:Skip shell extension 'dsv' for command environment
[0.367s] INFO:colcon.colcon_ros.task.ament_cmake.build:Building ROS package in '/home/alex/tritonai/software_intro_task/teleop_msgs' with build type 'ament_cmake'
[0.367s] INFO:colcon.colcon_cmake.task.cmake.build:Building CMake package in '/home/alex/tritonai/software_intro_task/teleop_msgs'
[0.368s] INFO:colcon.colcon_core.shell:Skip shell extension 'powershell' for command environment: Not usable outside of PowerShell
[0.368s] DEBUG:colcon.colcon_core.shell:Skip shell extension 'dsv' for command environment
[0.372s] INFO:colcon.colcon_ros.task.ament_python.build:Building ROS package in '/home/alex/tritonai/software_intro_task/teleop_py' with build type 'ament_python'
[0.372s] Level 1:colcon.colcon_core.shell:create_environment_hook('teleop_py', 'ament_prefix_path')
[0.373s] INFO:colcon.colcon_core.shell:Creating environment hook '/home/alex/tritonai/software_intro_task/install/teleop_py/share/teleop_py/hook/ament_prefix_path.ps1'
[0.374s] INFO:colcon.colcon_core.shell:Creating environment descriptor '/home/alex/tritonai/software_intro_task/install/teleop_py/share/teleop_py/hook/ament_prefix_path.dsv'
[0.374s] INFO:colcon.colcon_core.shell:Creating environment hook '/home/alex/tritonai/software_intro_task/install/teleop_py/share/teleop_py/hook/ament_prefix_path.sh'
[0.376s] INFO:colcon.colcon_core.shell:Skip shell extension 'powershell' for command environment: Not usable outside of PowerShell
[0.376s] DEBUG:colcon.colcon_core.shell:Skip shell extension 'dsv' for command environment
[0.391s] DEBUG:colcon.colcon_core.event_handler.log_command:Invoking command in '/home/alex/tritonai/software_intro_task/build/teleop_cpp': CMAKE_PREFIX_PATH=/opt/ros/galactic /usr/bin/cmake --build /home/alex/tritonai/software_intro_task/build/teleop_cpp -- -j8 -l8
[0.397s] DEBUG:colcon.colcon_core.event_handler.log_command:Invoking command in '/home/alex/tritonai/software_intro_task/build/teleop_msgs': CMAKE_PREFIX_PATH=/opt/ros/galactic /usr/bin/cmake --build /home/alex/tritonai/software_intro_task/build/teleop_msgs -- -j8 -l8
[0.561s] INFO:colcon.colcon_core.task.python.build:Building Python package in '/home/alex/tritonai/software_intro_task/teleop_py'
[0.562s] INFO:colcon.colcon_core.shell:Skip shell extension 'powershell' for command environment: Not usable outside of PowerShell
[0.562s] DEBUG:colcon.colcon_core.shell:Skip shell extension 'dsv' for command environment
[0.567s] DEBUG:colcon.colcon_core.event_handler.log_command:Invoked command in '/home/alex/tritonai/software_intro_task/build/teleop_cpp' returned '0': CMAKE_PREFIX_PATH=/opt/ros/galactic /usr/bin/cmake --build /home/alex/tritonai/software_intro_task/build/teleop_cpp -- -j8 -l8
[0.590s] DEBUG:colcon.colcon_core.event_handler.log_command:Invoking command in '/home/alex/tritonai/software_intro_task/build/teleop_cpp': CMAKE_PREFIX_PATH=/opt/ros/galactic /usr/bin/cmake --install /home/alex/tritonai/software_intro_task/build/teleop_cpp
[0.619s] Level 1:colcon.colcon_core.environment:create_environment_scripts_only(teleop_cpp)
[0.619s] DEBUG:colcon.colcon_core.event_handler.log_command:Invoked command in '/home/alex/tritonai/software_intro_task/build/teleop_cpp' returned '0': CMAKE_PREFIX_PATH=/opt/ros/galactic /usr/bin/cmake --install /home/alex/tritonai/software_intro_task/build/teleop_cpp
[0.624s] Level 1:colcon.colcon_core.environment:checking '/home/alex/tritonai/software_intro_task/install/teleop_cpp' for CMake module files
[0.625s] Level 1:colcon.colcon_core.environment:checking '/home/alex/tritonai/software_intro_task/install/teleop_cpp' for CMake config files
[0.625s] Level 1:colcon.colcon_core.shell:create_environment_hook('teleop_cpp', 'cmake_prefix_path')
[0.626s] INFO:colcon.colcon_core.shell:Creating environment hook '/home/alex/tritonai/software_intro_task/install/teleop_cpp/share/teleop_cpp/hook/cmake_prefix_path.ps1'
[0.626s] INFO:colcon.colcon_core.shell:Creating environment descriptor '/home/alex/tritonai/software_intro_task/install/teleop_cpp/share/teleop_cpp/hook/cmake_prefix_path.dsv'
[0.626s] INFO:colcon.colcon_core.shell:Creating environment hook '/home/alex/tritonai/software_intro_task/install/teleop_cpp/share/teleop_cpp/hook/cmake_prefix_path.sh'
[0.627s] Level 1:colcon.colcon_core.environment:checking '/home/alex/tritonai/software_intro_task/install/teleop_cpp/lib'
[0.627s] Level 1:colcon.colcon_core.shell:create_environment_hook('teleop_cpp', 'ld_library_path_lib')
[0.628s] INFO:colcon.colcon_core.shell:Creating environment hook '/home/alex/tritonai/software_intro_task/install/teleop_cpp/share/teleop_cpp/hook/ld_library_path_lib.ps1'
[0.628s] INFO:colcon.colcon_core.shell:Creating environment descriptor '/home/alex/tritonai/software_intro_task/install/teleop_cpp/share/teleop_cpp/hook/ld_library_path_lib.dsv'
[0.628s] INFO:colcon.colcon_core.shell:Creating environment hook '/home/alex/tritonai/software_intro_task/install/teleop_cpp/share/teleop_cpp/hook/ld_library_path_lib.sh'
[0.629s] Level 1:colcon.colcon_core.environment:checking '/home/alex/tritonai/software_intro_task/install/teleop_cpp/bin'
[0.629s] Level 1:colcon.colcon_core.environment:checking '/home/alex/tritonai/software_intro_task/install/teleop_cpp/lib/pkgconfig/teleop_cpp.pc'
[0.629s] Level 1:colcon.colcon_core.environment:checking '/home/alex/tritonai/software_intro_task/install/teleop_cpp/lib/python3.8/site-packages'
[0.629s] Level 1:colcon.colcon_core.environment:checking '/home/alex/tritonai/software_intro_task/install/teleop_cpp/bin'
[0.630s] INFO:colcon.colcon_core.shell:Creating package script '/home/alex/tritonai/software_intro_task/install/teleop_cpp/share/teleop_cpp/package.ps1'
[0.631s] INFO:colcon.colcon_core.shell:Creating package descriptor '/home/alex/tritonai/software_intro_task/install/teleop_cpp/share/teleop_cpp/package.dsv'
[0.631s] INFO:colcon.colcon_core.shell:Creating package script '/home/alex/tritonai/software_intro_task/install/teleop_cpp/share/teleop_cpp/package.sh'
[0.632s] INFO:colcon.colcon_core.shell:Creating package script '/home/alex/tritonai/software_intro_task/install/teleop_cpp/share/teleop_cpp/package.bash'
[0.638s] INFO:colcon.colcon_core.shell:Creating package script '/home/alex/tritonai/software_intro_task/install/teleop_cpp/share/teleop_cpp/package.zsh'
[0.639s] Level 1:colcon.colcon_core.environment:create_file_with_runtime_dependencies(/home/alex/tritonai/software_intro_task/install/teleop_cpp/share/colcon-core/packages/teleop_cpp)
[0.655s] Level 1:colcon.colcon_core.environment:create_environment_scripts_only(teleop_cpp)
[0.657s] Level 1:colcon.colcon_core.environment:checking '/home/alex/tritonai/software_intro_task/install/teleop_cpp' for CMake module files
[0.657s] Level 1:colcon.colcon_core.environment:checking '/home/alex/tritonai/software_intro_task/install/teleop_cpp' for CMake config files
[0.657s] Level 1:colcon.colcon_core.shell:create_environment_hook('teleop_cpp', 'cmake_prefix_path')
[0.658s] INFO:colcon.colcon_core.shell:Creating environment hook '/home/alex/tritonai/software_intro_task/install/teleop_cpp/share/teleop_cpp/hook/cmake_prefix_path.ps1'
[0.659s] INFO:colcon.colcon_core.shell:Creating environment descriptor '/home/alex/tritonai/software_intro_task/install/teleop_cpp/share/teleop_cpp/hook/cmake_prefix_path.dsv'
[0.659s] INFO:colcon.colcon_core.shell:Creating environment hook '/home/alex/tritonai/software_intro_task/install/teleop_cpp/share/teleop_cpp/hook/cmake_prefix_path.sh'
[0.659s] Level 1:colcon.colcon_core.environment:checking '/home/alex/tritonai/software_intro_task/install/teleop_cpp/lib'
[0.659s] Level 1:colcon.colcon_core.shell:create_environment_hook('teleop_cpp', 'ld_library_path_lib')
[0.660s] INFO:colcon.colcon_core.shell:Creating environment hook '/home/alex/tritonai/software_intro_task/install/teleop_cpp/share/teleop_cpp/hook/ld_library_path_lib.ps1'
[0.661s] INFO:colcon.colcon_core.shell:Creating environment descriptor '/home/alex/tritonai/software_intro_task/install/teleop_cpp/share/teleop_cpp/hook/ld_library_path_lib.dsv'
[0.661s] INFO:colcon.colcon_core.shell:Creating environment hook '/home/alex/tritonai/software_intro_task/install/teleop_cpp/share/teleop_cpp/hook/ld_library_path_lib.sh'
[0.661s] Level 1:colcon.colcon_core.environment:checking '/home/alex/tritonai/software_intro_task/install/teleop_cpp/bin'
[0.661s] Level 1:colcon.colcon_core.environment:checking '/home/alex/tritonai/software_intro_task/install/teleop_cpp/lib/pkgconfig/teleop_cpp.pc'
[0.661s] Level 1:colcon.colcon_core.environment:checking '/home/alex/tritonai/software_intro_task/install/teleop_cpp/lib/python3.8/site-packages'
[0.661s] Level 1:colcon.colcon_core.environment:checking '/home/alex/tritonai/software_intro_task/install/teleop_cpp/bin'
[0.662s] INFO:colcon.colcon_core.shell:Creating package script '/home/alex/tritonai/software_intro_task/install/teleop_cpp/share/teleop_cpp/package.ps1'
[0.663s] INFO:colcon.colcon_core.shell:Creating package descriptor '/home/alex/tritonai/software_intro_task/install/teleop_cpp/share/teleop_cpp/package.dsv'
[0.663s] INFO:colcon.colcon_core.shell:Creating package script '/home/alex/tritonai/software_intro_task/install/teleop_cpp/share/teleop_cpp/package.sh'
[0.663s] INFO:colcon.colcon_core.shell:Creating package script '/home/alex/tritonai/software_intro_task/install/teleop_cpp/share/teleop_cpp/package.bash'
[0.664s] INFO:colcon.colcon_core.shell:Creating package script '/home/alex/tritonai/software_intro_task/install/teleop_cpp/share/teleop_cpp/package.zsh'
[0.664s] Level 1:colcon.colcon_core.environment:create_file_with_runtime_dependencies(/home/alex/tritonai/software_intro_task/install/teleop_cpp/share/colcon-core/packages/teleop_cpp)
[0.915s] DEBUG:colcon.colcon_core.event_handler.log_command:Invoking command in '/home/alex/tritonai/software_intro_task/teleop_py': PYTHONPATH=/home/alex/tritonai/software_intro_task/install/teleop_py/lib/python3.8/site-packages:${PYTHONPATH} /usr/bin/python3 setup.py egg_info --egg-base ../build/teleop_py build --build-base /home/alex/tritonai/software_intro_task/build/teleop_py/build install --prefix /home/alex/tritonai/software_intro_task/install/teleop_py --record /home/alex/tritonai/software_intro_task/build/teleop_py/install.log --single-version-externally-managed
[0.965s] DEBUG:colcon.colcon_core.event_handler.log_command:Invoked command in '/home/alex/tritonai/software_intro_task/build/teleop_msgs' returned '2': CMAKE_PREFIX_PATH=/opt/ros/galactic /usr/bin/cmake --build /home/alex/tritonai/software_intro_task/build/teleop_msgs -- -j8 -l8
[0.979s] Level 1:colcon.colcon_core.environment:create_environment_scripts_only(teleop_msgs)
[0.980s] Level 1:colcon.colcon_core.environment:checking '/home/alex/tritonai/software_intro_task/install/teleop_msgs' for CMake module files
[0.980s] Level 1:colcon.colcon_core.environment:checking '/home/alex/tritonai/software_intro_task/install/teleop_msgs' for CMake config files
[0.981s] Level 1:colcon.colcon_core.shell:create_environment_hook('teleop_msgs', 'cmake_prefix_path')
[0.982s] INFO:colcon.colcon_core.shell:Creating environment hook '/home/alex/tritonai/software_intro_task/install/teleop_msgs/share/teleop_msgs/hook/cmake_prefix_path.ps1'
[0.982s] INFO:colcon.colcon_core.shell:Creating environment descriptor '/home/alex/tritonai/software_intro_task/install/teleop_msgs/share/teleop_msgs/hook/cmake_prefix_path.dsv'
[0.982s] INFO:colcon.colcon_core.shell:Creating environment hook '/home/alex/tritonai/software_intro_task/install/teleop_msgs/share/teleop_msgs/hook/cmake_prefix_path.sh'
[0.983s] Level 1:colcon.colcon_core.environment:checking '/home/alex/tritonai/software_intro_task/install/teleop_msgs/bin'
[0.983s] Level 1:colcon.colcon_core.environment:checking '/home/alex/tritonai/software_intro_task/install/teleop_msgs/lib/pkgconfig/teleop_msgs.pc'
[0.983s] Level 1:colcon.colcon_core.environment:checking '/home/alex/tritonai/software_intro_task/install/teleop_msgs/lib/python3.8/site-packages'
[0.983s] Level 1:colcon.colcon_core.environment:checking '/home/alex/tritonai/software_intro_task/install/teleop_msgs/bin'
[0.984s] INFO:colcon.colcon_core.shell:Creating package script '/home/alex/tritonai/software_intro_task/install/teleop_msgs/share/teleop_msgs/package.ps1'
[0.984s] INFO:colcon.colcon_core.shell:Creating package descriptor '/home/alex/tritonai/software_intro_task/install/teleop_msgs/share/teleop_msgs/package.dsv'
[0.985s] INFO:colcon.colcon_core.shell:Creating package script '/home/alex/tritonai/software_intro_task/install/teleop_msgs/share/teleop_msgs/package.sh'
[0.985s] INFO:colcon.colcon_core.shell:Creating package script '/home/alex/tritonai/software_intro_task/install/teleop_msgs/share/teleop_msgs/package.bash'
[0.985s] INFO:colcon.colcon_core.shell:Creating package script '/home/alex/tritonai/software_intro_task/install/teleop_msgs/share/teleop_msgs/package.zsh'
[0.985s] Level 1:colcon.colcon_core.environment:create_file_with_runtime_dependencies(/home/alex/tritonai/software_intro_task/install/teleop_msgs/share/colcon-core/packages/teleop_msgs)
[1.140s] DEBUG:colcon.colcon_parallel_executor.executor.parallel:closing loop
[1.140s] DEBUG:colcon.colcon_parallel_executor.executor.parallel:loop closed
[1.140s] DEBUG:colcon.colcon_parallel_executor.executor.parallel:run_until_complete finished with '2'
[1.140s] DEBUG:colcon.colcon_core.event_reactor:joining thread
[1.146s] INFO:colcon.colcon_core.plugin_system:Skipping extension 'colcon_notification.desktop_notification.terminal_notifier': Not used on non-Darwin systems
[1.146s] INFO:colcon.colcon_core.plugin_system:Skipping extension 'colcon_notification.desktop_notification.win32': Not used on non-Windows systems
[1.146s] INFO:colcon.colcon_notification.desktop_notification:Sending desktop notification using 'notify2'
[1.157s] DEBUG:colcon.colcon_core.event_reactor:joined thread
[1.158s] INFO:colcon.colcon_core.shell:Creating prefix script '/home/alex/tritonai/software_intro_task/install/local_setup.ps1'
[1.159s] INFO:colcon.colcon_core.shell:Creating prefix util module '/home/alex/tritonai/software_intro_task/install/_local_setup_util_ps1.py'
[1.160s] INFO:colcon.colcon_core.shell:Creating prefix chain script '/home/alex/tritonai/software_intro_task/install/setup.ps1'
[1.161s] INFO:colcon.colcon_core.shell:Creating prefix script '/home/alex/tritonai/software_intro_task/install/local_setup.sh'
[1.161s] INFO:colcon.colcon_core.shell:Creating prefix util module '/home/alex/tritonai/software_intro_task/install/_local_setup_util_sh.py'
[1.161s] INFO:colcon.colcon_core.shell:Creating prefix chain script '/home/alex/tritonai/software_intro_task/install/setup.sh'
[1.162s] INFO:colcon.colcon_core.shell:Creating prefix script '/home/alex/tritonai/software_intro_task/install/local_setup.bash'
[1.163s] INFO:colcon.colcon_core.shell:Creating prefix chain script '/home/alex/tritonai/software_intro_task/install/setup.bash'
[1.164s] INFO:colcon.colcon_core.shell:Creating prefix script '/home/alex/tritonai/software_intro_task/install/local_setup.zsh'
[1.164s] INFO:colcon.colcon_core.shell:Creating prefix chain script '/home/alex/tritonai/software_intro_task/install/setup.zsh'
